twStockTest
localtime: 1556087402 , Str time: 1556067000 , End time: 1556083920
***Wed Apr 24 06:30:03 2019*** ( 8 )
twStockTest
localtime: 1556087403 , Str time: 1556067000 , End time: 1556083920
***Wed Apr 24 06:30:03 2019*** ( 116 )
twStockTest
localtime: 1556087403 , Str time: 1556067000 , End time: 1556083920
***Wed Apr 24 06:30:03 2019*** ( 29 )
twStockTest
localtime: 1556087403 , Str time: 1556067000 , End time: 1556083920
***Wed Apr 24 06:30:03 2019*** ( 66 )
twStockTest
localtime: 1556087403 , Str time: 1556067000 , End time: 1556083920
***Wed Apr 24 06:30:03 2019*** ( 71 )
twStockTest
localtime: 1556087403 , Str time: 1556067000 , End time: 1556083920
twStockTest
localtime: 1556087403 , Str time: 1556067000 , End time: 1556083920
twStockTest
localtime: 1556087403 , Str time: 1556067000 , End time: 1556083920
***Wed Apr 24 06:30:03 2019*** ( 24 )
***Wed Apr 24 06:30:03 2019*** ( 76 )
***Wed Apr 24 06:30:03 2019*** ( 26 )
twStockTest
localtime: 1556087403 , Str time: 1556067000 , End time: 1556083920
***Wed Apr 24 06:30:03 2019*** ( 31 )
twStockTest
localtime: 1556087403 , Str time: 1556067000 , End time: 1556083920
***Wed Apr 24 06:30:03 2019*** ( 69 )
twStockTest
localtime: 1556087403 , Str time: 1556067000 , End time: 1556083920
twStockTest
localtime: 1556087403 , Str time: 1556067000 , End time: 1556083920
***Wed Apr 24 06:30:03 2019*** ( 93 )
***Wed Apr 24 06:30:03 2019*** ( 96 )
twStockTest
localtime: 1556087403 , Str time: 1556067000 , End time: 1556083920
***Wed Apr 24 06:30:03 2019*** ( 93 )
twStockTest
localtime: 1556087403 , Str time: 1556067000 , End time: 1556083920
twStockTest
localtime: 1556087403 , Str time: 1556067000 , End time: 1556083920
***Wed Apr 24 06:30:03 2019*** ( 136 )
***Wed Apr 24 06:30:03 2019*** ( 0 )
12 True
===Wed Apr 24 06:30:08 2019=== 1.0887067317962646
04|18|14 True
===Wed Apr 24 06:30:08 2019=== 0.9204425811767578
01|02 True
===Wed Apr 24 06:30:08 2019=== 0.24509716033935547
10|11|15 True
===Wed Apr 24 06:30:08 2019=== 0.2638072967529297
20 True
===Wed Apr 24 06:30:08 2019=== 0.3348116874694824
03 True
===Wed Apr 24 06:30:08 2019=== 0.22997426986694336
31|27 True
===Wed Apr 24 06:30:08 2019=== 0.7123978137969971
06|08|09 True
===Wed Apr 24 06:30:08 2019=== 0.2178952693939209
21 True
===Wed Apr 24 06:30:08 2019=== 0.19256997108459473
39|23|16|17 True
===Wed Apr 24 06:30:08 2019=== 0.6610589027404785
26|29 True
===Wed Apr 24 06:30:08 2019=== 0.6841297149658203
28 True
===Wed Apr 24 06:30:08 2019=== 0.6725282669067383
05|22 True
===Wed Apr 24 06:30:08 2019=== 0.6513195037841797
25|24 True
===Wed Apr 24 06:30:08 2019=== 0.7023618221282959
00 False
===Wed Apr 24 06:30:08 2019=== 0.07777237892150879
12 True
===Wed Apr 24 06:30:13 2019=== 0.13427996635437012
04|18|14 True
===Wed Apr 24 06:30:13 2019=== 1.7569122314453125
01|02 True
===Wed Apr 24 06:30:13 2019=== 0.261415958404541
10|11|15 True
===Wed Apr 24 06:30:13 2019=== 0.29940319061279297
20 True
===Wed Apr 24 06:30:13 2019=== 0.5798985958099365
03 True
===Wed Apr 24 06:30:13 2019=== 0.42952466011047363
31|27 True
===Wed Apr 24 06:30:13 2019=== 0.6419153213500977
06|08|09 True
===Wed Apr 24 06:30:13 2019=== 0.4154684543609619
21 True
===Wed Apr 24 06:30:13 2019=== 0.5256617069244385
39|23|16|17 True
===Wed Apr 24 06:30:13 2019=== 0.6885409355163574
26|29 True
===Wed Apr 24 06:30:13 2019=== 0.6705124378204346
28 True
===Wed Apr 24 06:30:13 2019=== 0.6835231781005859
05|22 True
===Wed Apr 24 06:30:13 2019=== 0.6243560314178467
25|24 True
===Wed Apr 24 06:30:13 2019=== 0.7565219402313232
00 False
===Wed Apr 24 06:30:13 2019=== 0.07304072380065918
12 True
===Wed Apr 24 06:30:18 2019=== 0.10812592506408691
04|18|14 True
===Wed Apr 24 06:30:18 2019=== 0.7109651565551758
01|02 True
===Wed Apr 24 06:30:18 2019=== 0.16242361068725586
10|11|15 True
===Wed Apr 24 06:30:18 2019=== 0.5531327724456787
20 True
===Wed Apr 24 06:30:18 2019=== 0.5480291843414307
03 True
===Wed Apr 24 06:30:18 2019=== 0.3789494037628174
31|27 True
===Wed Apr 24 06:30:18 2019=== 0.4858736991882324
06|08|09 True
===Wed Apr 24 06:30:18 2019=== 0.36911940574645996
21 True
===Wed Apr 24 06:30:18 2019=== 0.3468201160430908
39|23|16|17 True
===Wed Apr 24 06:30:18 2019=== 0.41591978073120117
26|29 True
===Wed Apr 24 06:30:18 2019=== 0.4378666877746582
28 True
===Wed Apr 24 06:30:18 2019=== 0.43795251846313477
05|22 True
===Wed Apr 24 06:30:18 2019=== 0.41004490852355957
25|24 True
===Wed Apr 24 06:30:18 2019=== 0.4544532299041748
00 False
===Wed Apr 24 06:30:18 2019=== 0.06018948554992676
12 True
===Wed Apr 24 06:30:23 2019=== 0.3523216247558594
04|18|14 True
===Wed Apr 24 06:30:23 2019=== 0.7227346897125244
01|02 True
===Wed Apr 24 06:30:23 2019=== 0.38588428497314453
10|11|15 True
===Wed Apr 24 06:30:23 2019=== 0.4437427520751953
20 True
===Wed Apr 24 06:30:23 2019=== 0.4300270080566406
03 True
===Wed Apr 24 06:30:23 2019=== 0.23754572868347168
31|27 True
===Wed Apr 24 06:30:23 2019=== 0.42475366592407227
06|08|09 True
===Wed Apr 24 06:30:23 2019=== 0.21699810028076172
21 True
===Wed Apr 24 06:30:23 2019=== 0.2531089782714844
39|23|16|17 True
===Wed Apr 24 06:30:23 2019=== 0.357454776763916
26|29 True
===Wed Apr 24 06:30:23 2019=== 0.3838658332824707
28 True
===Wed Apr 24 06:30:23 2019=== 0.3691744804382324
05|22 True
===Wed Apr 24 06:30:23 2019=== 0.3532276153564453
25|24 True
===Wed Apr 24 06:30:23 2019=== 0.5597529411315918
00 False
===Wed Apr 24 06:30:23 2019=== 0.06436824798583984
12 True
===Wed Apr 24 06:30:28 2019=== 0.19542765617370605
04|18|14 True
===Wed Apr 24 06:30:28 2019=== 1.2268040180206299
01|02 True
===Wed Apr 24 06:30:28 2019=== 0.8314688205718994
10|11|15 True
===Wed Apr 24 06:30:28 2019=== 0.9714822769165039
20 True
===Wed Apr 24 06:30:28 2019=== 0.923560619354248
03 True
===Wed Apr 24 06:30:28 2019=== 0.5419909954071045
31|27 True
===Wed Apr 24 06:30:28 2019=== 0.8473408222198486
06|08|09 True
===Wed Apr 24 06:30:28 2019=== 0.5263898372650146
21 True
===Wed Apr 24 06:30:28 2019=== 0.5853805541992188
39|23|16|17 True
===Wed Apr 24 06:30:28 2019=== 0.7663004398345947
26|29 True
===Wed Apr 24 06:30:28 2019=== 0.7815711498260498
28 True
===Wed Apr 24 06:30:28 2019=== 0.8001248836517334
05|22 True
===Wed Apr 24 06:30:28 2019=== 0.7617504596710205
25|24 True
===Wed Apr 24 06:30:28 2019=== 0.9328641891479492
00 False
===Wed Apr 24 06:30:28 2019=== 0.13523054122924805
12 True
===Wed Apr 24 06:30:33 2019=== 0.17150473594665527
04|18|14 True
===Wed Apr 24 06:30:33 2019=== 0.4434657096862793
01|02 True
===Wed Apr 24 06:30:33 2019=== 0.1624162197113037
10|11|15 True
===Wed Apr 24 06:30:33 2019=== 0.2842223644256592
20 True
===Wed Apr 24 06:30:33 2019=== 0.38984251022338867
03 True
===Wed Apr 24 06:30:33 2019=== 0.15167641639709473
31|27 True
===Wed Apr 24 06:30:33 2019=== 0.5139100551605225
06|08|09 True
===Wed Apr 24 06:30:33 2019=== 0.18540358543395996
21 True
===Wed Apr 24 06:30:33 2019=== 0.1806643009185791
39|23|16|17 True
===Wed Apr 24 06:30:33 2019=== 0.5078845024108887
26|29 True
===Wed Apr 24 06:30:33 2019=== 0.6423046588897705
28 True
===Wed Apr 24 06:30:33 2019=== 1.0246737003326416
05|22 True
===Wed Apr 24 06:30:33 2019=== 1.0316734313964844
25|24 True
===Wed Apr 24 06:30:33 2019=== 1.2447590827941895
00 False
===Wed Apr 24 06:30:33 2019=== 0.057569265365600586
12 True
===Wed Apr 24 06:30:38 2019=== 0.22051477432250977
04|18|14 True
===Wed Apr 24 06:30:38 2019=== 0.7636773586273193
01|02 True
===Wed Apr 24 06:30:38 2019=== 0.21141600608825684
10|11|15 True
===Wed Apr 24 06:30:38 2019=== 0.260526180267334
20 True
===Wed Apr 24 06:30:38 2019=== 0.4831197261810303
03 True
===Wed Apr 24 06:30:38 2019=== 0.1338334083557129
31|27 True
===Wed Apr 24 06:30:38 2019=== 0.5709261894226074
06|08|09 True
===Wed Apr 24 06:30:38 2019=== 0.42894792556762695
21 True
===Wed Apr 24 06:30:38 2019=== 0.43592333793640137
39|23|16|17 True
===Wed Apr 24 06:30:38 2019=== 0.5077614784240723
26|29 True
===Wed Apr 24 06:30:38 2019=== 0.49268102645874023
28 True
===Wed Apr 24 06:30:38 2019=== 0.4939887523651123
05|22 True
===Wed Apr 24 06:30:38 2019=== 0.48868751525878906
25|24 True
===Wed Apr 24 06:30:38 2019=== 0.6734802722930908
00 False
===Wed Apr 24 06:30:38 2019=== 0.06912946701049805
12 True
===Wed Apr 24 06:30:43 2019=== 0.09602665901184082
04|18|14 True
===Wed Apr 24 06:30:43 2019=== 0.6824548244476318
01|02 True
===Wed Apr 24 06:30:43 2019=== 0.2632758617401123
10|11|15 True
===Wed Apr 24 06:30:43 2019=== 0.3080892562866211
20 True
===Wed Apr 24 06:30:43 2019=== 0.29114246368408203
03 True
===Wed Apr 24 06:30:43 2019=== 0.16956472396850586
31|27 True
===Wed Apr 24 06:30:43 2019=== 0.4884803295135498
06|08|09 True
===Wed Apr 24 06:30:43 2019=== 0.17110562324523926
21 True
===Wed Apr 24 06:30:43 2019=== 0.42027735710144043
39|23|16|17 True
===Wed Apr 24 06:30:43 2019=== 0.5328280925750732
26|29 True
===Wed Apr 24 06:30:43 2019=== 0.49138641357421875
28 True
===Wed Apr 24 06:30:43 2019=== 0.51804518699646
05|22 True
===Wed Apr 24 06:30:43 2019=== 0.48139262199401855
25|24 True
===Wed Apr 24 06:30:43 2019=== 0.9507889747619629
00 False
===Wed Apr 24 06:30:43 2019=== 0.07413172721862793
12 True
===Wed Apr 24 06:30:48 2019=== 0.154005765914917
04|18|14 True
===Wed Apr 24 06:30:48 2019=== 0.9543898105621338
01|02 True
===Wed Apr 24 06:30:48 2019=== 0.4634969234466553
10|11|15 True
===Wed Apr 24 06:30:48 2019=== 0.5914156436920166
20 True
===Wed Apr 24 06:30:48 2019=== 0.7069230079650879
03 True
===Wed Apr 24 06:30:48 2019=== 0.3136439323425293
31|27 True
===Wed Apr 24 06:30:48 2019=== 0.63051438331604
06|08|09 True
===Wed Apr 24 06:30:48 2019=== 0.29949092864990234
21 True
===Wed Apr 24 06:30:48 2019=== 0.28248119354248047
39|23|16|17 True
===Wed Apr 24 06:30:48 2019=== 0.5639398097991943
26|29 True
===Wed Apr 24 06:30:48 2019=== 0.6324357986450195
28 True
===Wed Apr 24 06:30:48 2019=== 0.6063699722290039
05|22 True
===Wed Apr 24 06:30:48 2019=== 0.5564563274383545
25|24 True
===Wed Apr 24 06:30:48 2019=== 0.7716982364654541
00 False
===Wed Apr 24 06:30:48 2019=== 0.06142306327819824
12 True
===Wed Apr 24 06:30:53 2019=== 0.2735438346862793
04|18|14 True
===Wed Apr 24 06:30:53 2019=== 0.5853428840637207
01|02 True
===Wed Apr 24 06:30:53 2019=== 0.20107269287109375
10|11|15 True
===Wed Apr 24 06:30:53 2019=== 0.3180537223815918
20 True
===Wed Apr 24 06:30:53 2019=== 0.3422839641571045
03 True
===Wed Apr 24 06:30:53 2019=== 0.15473675727844238
31|27 True
===Wed Apr 24 06:30:53 2019=== 0.49321961402893066
06|08|09 True
===Wed Apr 24 06:30:53 2019=== 0.17913389205932617
21 True
===Wed Apr 24 06:30:53 2019=== 0.20338678359985352
39|23|16|17 True
===Wed Apr 24 06:30:53 2019=== 0.31469178199768066
26|29 True
===Wed Apr 24 06:30:53 2019=== 0.5472030639648438
28 True
===Wed Apr 24 06:30:53 2019=== 0.5328023433685303
05|22 True
===Wed Apr 24 06:30:53 2019=== 0.5138533115386963
25|24 True
===Wed Apr 24 06:30:53 2019=== 0.6495323181152344
00 False
===Wed Apr 24 06:30:53 2019=== 0.06329488754272461
12 True
===Wed Apr 24 06:30:58 2019=== 0.1337141990661621
04|18|14 True
===Wed Apr 24 06:30:58 2019=== 0.6799044609069824
01|02 True
===Wed Apr 24 06:30:58 2019=== 0.2525806427001953
10|11|15 True
===Wed Apr 24 06:30:58 2019=== 0.5154762268066406
20 True
===Wed Apr 24 06:30:58 2019=== 0.5322933197021484
03 True
===Wed Apr 24 06:30:58 2019=== 0.16242265701293945
31|27 True
===Wed Apr 24 06:30:58 2019=== 0.5170526504516602
06|08|09 True
===Wed Apr 24 06:30:58 2019=== 0.329439640045166
21 True
===Wed Apr 24 06:30:58 2019=== 0.35564589500427246
39|23|16|17 True
===Wed Apr 24 06:30:58 2019=== 0.4654724597930908
26|29 True
===Wed Apr 24 06:30:58 2019=== 0.5201854705810547
28 True
===Wed Apr 24 06:30:58 2019=== 0.5144126415252686
05|22 True
===Wed Apr 24 06:30:58 2019=== 0.4767491817474365
25|24 True
===Wed Apr 24 06:30:58 2019=== 0.5723311901092529
00 False
===Wed Apr 24 06:30:58 2019=== 0.0614628791809082
12 True
===Wed Apr 24 06:31:03 2019=== 0.09603238105773926
04|18|14 True
===Wed Apr 24 06:31:03 2019=== 0.66741943359375
01|02 True
===Wed Apr 24 06:31:03 2019=== 0.1599118709564209
10|11|15 True
===Wed Apr 24 06:31:03 2019=== 0.7016124725341797
20 True
===Wed Apr 24 06:31:03 2019=== 0.6048645973205566
03 True
===Wed Apr 24 06:31:03 2019=== 0.3913848400115967
31|27 True
===Wed Apr 24 06:31:03 2019=== 0.6472887992858887
06|08|09 True
===Wed Apr 24 06:31:03 2019=== 0.33566904067993164
21 True
===Wed Apr 24 06:31:03 2019=== 0.2892615795135498
39|23|16|17 True
===Wed Apr 24 06:31:03 2019=== 0.5424685478210449
26|29 True
===Wed Apr 24 06:31:03 2019=== 0.5276005268096924
28 True
===Wed Apr 24 06:31:03 2019=== 0.553184986114502
05|22 True
===Wed Apr 24 06:31:03 2019=== 0.5103490352630615
25|24 True
===Wed Apr 24 06:31:03 2019=== 0.6269645690917969
00 False
===Wed Apr 24 06:31:03 2019=== 0.06607937812805176
12 True
===Wed Apr 24 06:31:08 2019=== 0.18717336654663086
04|18|14 True
===Wed Apr 24 06:31:08 2019=== 1.0867481231689453
01|02 True
===Wed Apr 24 06:31:08 2019=== 0.2653923034667969
10|11|15 True
===Wed Apr 24 06:31:08 2019=== 0.516463041305542
20 True
===Wed Apr 24 06:31:08 2019=== 0.8753550052642822
03 True
===Wed Apr 24 06:31:08 2019=== 0.31512928009033203
31|27 True
===Wed Apr 24 06:31:08 2019=== 0.7523078918457031
06|08|09 True
===Wed Apr 24 06:31:08 2019=== 0.23201870918273926
21 True
===Wed Apr 24 06:31:08 2019=== 0.29800987243652344
39|23|16|17 True
===Wed Apr 24 06:31:08 2019=== 0.7506866455078125
26|29 True
===Wed Apr 24 06:31:08 2019=== 0.7691836357116699
28 True
===Wed Apr 24 06:31:08 2019=== 0.8065574169158936
05|22 True
===Wed Apr 24 06:31:08 2019=== 0.7576055526733398
25|24 True
===Wed Apr 24 06:31:08 2019=== 0.8829140663146973
00 False
===Wed Apr 24 06:31:08 2019=== 0.07322812080383301
12 True
===Wed Apr 24 06:31:13 2019=== 0.2921326160430908
04|18|14 True
===Wed Apr 24 06:31:13 2019=== 0.6752142906188965
01|02 True
===Wed Apr 24 06:31:13 2019=== 0.3509676456451416
10|11|15 True
===Wed Apr 24 06:31:13 2019=== 0.4296579360961914
20 True
===Wed Apr 24 06:31:13 2019=== 0.4385812282562256
03 True
===Wed Apr 24 06:31:13 2019=== 0.23804450035095215
31|27 True
===Wed Apr 24 06:31:13 2019=== 0.39499807357788086
06|08|09 True
===Wed Apr 24 06:31:13 2019=== 0.22286105155944824
21 True
===Wed Apr 24 06:31:13 2019=== 0.20069408416748047
39|23|16|17 True
===Wed Apr 24 06:31:13 2019=== 0.3514127731323242
26|29 True
===Wed Apr 24 06:31:13 2019=== 0.4147772789001465
28 True
===Wed Apr 24 06:31:13 2019=== 0.4342024326324463
05|22 True
===Wed Apr 24 06:31:13 2019=== 0.41222453117370605
25|24 True
===Wed Apr 24 06:31:13 2019=== 0.5488817691802979
00 False
===Wed Apr 24 06:31:13 2019=== 0.061968088150024414
12 True
===Wed Apr 24 06:31:18 2019=== 0.25250244140625
04|18|14 True
===Wed Apr 24 06:31:18 2019=== 1.356306552886963
01|02 True
===Wed Apr 24 06:31:18 2019=== 0.7460665702819824
10|11|15 True
===Wed Apr 24 06:31:18 2019=== 1.0570600032806396
20 True
===Wed Apr 24 06:31:18 2019=== 1.0414981842041016
03 True
===Wed Apr 24 06:31:18 2019=== 0.3552076816558838
31|27 True
===Wed Apr 24 06:31:18 2019=== 0.9767131805419922
06|08|09 True
===Wed Apr 24 06:31:18 2019=== 0.8785839080810547
21 True
===Wed Apr 24 06:31:18 2019=== 0.8145534992218018
39|23|16|17 True
===Wed Apr 24 06:31:18 2019=== 0.9414453506469727
26|29 True
===Wed Apr 24 06:31:18 2019=== 0.9589273929595947
28 True
===Wed Apr 24 06:31:18 2019=== 0.9753978252410889
05|22 True
===Wed Apr 24 06:31:18 2019=== 0.944434404373169
25|24 True
===Wed Apr 24 06:31:18 2019=== 1.0100791454315186
00 False
===Wed Apr 24 06:31:18 2019=== 0.08292031288146973
12 True
===Wed Apr 24 06:31:23 2019=== 0.16563749313354492
04|18|14 True
===Wed Apr 24 06:31:23 2019=== 1.438030481338501
01|02 True
===Wed Apr 24 06:31:23 2019=== 0.729966402053833
10|11|15 True
===Wed Apr 24 06:31:23 2019=== 1.1855344772338867
20 True
===Wed Apr 24 06:31:23 2019=== 1.106590747833252
03 True
===Wed Apr 24 06:31:23 2019=== 0.5953857898712158
31|27 True
===Wed Apr 24 06:31:23 2019=== 1.0538499355316162
06|08|09 True
===Wed Apr 24 06:31:23 2019=== 0.5807311534881592
21 True
===Wed Apr 24 06:31:23 2019=== 0.7606651782989502
39|23|16|17 True
===Wed Apr 24 06:31:23 2019=== 1.0164399147033691
26|29 True
===Wed Apr 24 06:31:23 2019=== 1.0744249820709229
28 True
===Wed Apr 24 06:31:23 2019=== 1.0428378582000732
05|22 True
===Wed Apr 24 06:31:23 2019=== 1.0083041191101074
25|24 True
===Wed Apr 24 06:31:23 2019=== 1.0830488204956055
00 False
===Wed Apr 24 06:31:23 2019=== 0.11200881004333496
12 True
===Wed Apr 24 06:31:28 2019=== 0.09965085983276367
04|18|14 True
===Wed Apr 24 06:31:28 2019=== 0.3854691982269287
01|02 True
===Wed Apr 24 06:31:28 2019=== 0.1530313491821289
10|11|15 True
===Wed Apr 24 06:31:28 2019=== 0.2377619743347168
20 True
===Wed Apr 24 06:31:28 2019=== 0.28500986099243164
03 True
===Wed Apr 24 06:31:28 2019=== 0.1343069076538086
31|27 True
===Wed Apr 24 06:31:28 2019=== 0.25666165351867676
06|08|09 True
===Wed Apr 24 06:31:28 2019=== 0.143568754196167
21 True
===Wed Apr 24 06:31:28 2019=== 0.14957332611083984
39|23|16|17 True
===Wed Apr 24 06:31:28 2019=== 0.3892395496368408
26|29 True
===Wed Apr 24 06:31:28 2019=== 0.5755338668823242
28 True
===Wed Apr 24 06:31:28 2019=== 0.5850377082824707
05|22 True
===Wed Apr 24 06:31:28 2019=== 0.5703220367431641
25|24 True
===Wed Apr 24 06:31:28 2019=== 0.7108728885650635
00 False
===Wed Apr 24 06:31:28 2019=== 0.06763291358947754
12 True
===Wed Apr 24 06:31:33 2019=== 0.4620969295501709
04|18|14 True
===Wed Apr 24 06:31:33 2019=== 1.1688549518585205
01|02 True
===Wed Apr 24 06:31:33 2019=== 0.8025505542755127
10|11|15 True
===Wed Apr 24 06:31:33 2019=== 0.8764698505401611
20 True
===Wed Apr 24 06:31:33 2019=== 0.8568377494812012
03 True
===Wed Apr 24 06:31:33 2019=== 0.6325690746307373
31|27 True
===Wed Apr 24 06:31:33 2019=== 0.7922124862670898
06|08|09 True
===Wed Apr 24 06:31:33 2019=== 0.6277613639831543
21 True
===Wed Apr 24 06:31:33 2019=== 0.6289286613464355
39|23|16|17 True
===Wed Apr 24 06:31:33 2019=== 0.7357578277587891
26|29 True
===Wed Apr 24 06:31:33 2019=== 0.7630488872528076
28 True
===Wed Apr 24 06:31:33 2019=== 0.7975466251373291
05|22 True
===Wed Apr 24 06:31:33 2019=== 0.6845738887786865
25|24 True
===Wed Apr 24 06:31:33 2019=== 1.1418216228485107
00 False
===Wed Apr 24 06:31:33 2019=== 0.0683751106262207
12 True
===Wed Apr 24 06:31:38 2019=== 0.11799097061157227
04|18|14 True
===Wed Apr 24 06:31:38 2019=== 0.6050512790679932
01|02 True
===Wed Apr 24 06:31:38 2019=== 0.22295546531677246
10|11|15 True
===Wed Apr 24 06:31:38 2019=== 0.26827526092529297
20 True
===Wed Apr 24 06:31:38 2019=== 0.5329411029815674
03 True
===Wed Apr 24 06:31:38 2019=== 0.31521105766296387
31|27 True
===Wed Apr 24 06:31:38 2019=== 0.4886806011199951
06|08|09 True
===Wed Apr 24 06:31:38 2019=== 0.3356626033782959
21 True
===Wed Apr 24 06:31:38 2019=== 0.3193061351776123
39|23|16|17 True
===Wed Apr 24 06:31:38 2019=== 0.4241044521331787
26|29 True
===Wed Apr 24 06:31:38 2019=== 0.40631628036499023
28 True
===Wed Apr 24 06:31:38 2019=== 0.42711567878723145
05|22 True
===Wed Apr 24 06:31:38 2019=== 0.39965009689331055
25|24 True
===Wed Apr 24 06:31:38 2019=== 0.49052000045776367
00 False
===Wed Apr 24 06:31:38 2019=== 0.08826971054077148
12 True
===Wed Apr 24 06:31:43 2019=== 0.1237950325012207
04|18|14 True
===Wed Apr 24 06:31:43 2019=== 0.5892393589019775
01|02 True
===Wed Apr 24 06:31:43 2019=== 0.2830541133880615
10|11|15 True
===Wed Apr 24 06:31:43 2019=== 0.5418741703033447
20 True
===Wed Apr 24 06:31:43 2019=== 0.3805704116821289
03 True
===Wed Apr 24 06:31:43 2019=== 0.17956113815307617
31|27 True
===Wed Apr 24 06:31:43 2019=== 0.35420846939086914
06|08|09 True
===Wed Apr 24 06:31:43 2019=== 0.14917707443237305
21 True
===Wed Apr 24 06:31:43 2019=== 0.18630743026733398
39|23|16|17 True
===Wed Apr 24 06:31:43 2019=== 0.44458842277526855
26|29 True
===Wed Apr 24 06:31:43 2019=== 0.48704957962036133
28 True
===Wed Apr 24 06:31:43 2019=== 0.5045585632324219
05|22 True
===Wed Apr 24 06:31:43 2019=== 0.49677491188049316
25|24 True
===Wed Apr 24 06:31:43 2019=== 0.7531225681304932
00 False
===Wed Apr 24 06:31:43 2019=== 0.061566829681396484
12 True
===Wed Apr 24 06:31:48 2019=== 0.46779441833496094
04|18|14 True
===Wed Apr 24 06:31:48 2019=== 1.3628253936767578
01|02 True
===Wed Apr 24 06:31:48 2019=== 0.8741517066955566
10|11|15 True
===Wed Apr 24 06:31:48 2019=== 1.1405043601989746
20 True
===Wed Apr 24 06:31:48 2019=== 1.0938668251037598
03 True
===Wed Apr 24 06:31:48 2019=== 0.6623737812042236
31|27 True
===Wed Apr 24 06:31:48 2019=== 1.0508787631988525
06|08|09 True
===Wed Apr 24 06:31:48 2019=== 0.6116194725036621
21 True
===Wed Apr 24 06:31:48 2019=== 0.6747398376464844
39|23|16|17 True
===Wed Apr 24 06:31:48 2019=== 0.9713573455810547
26|29 True
===Wed Apr 24 06:31:48 2019=== 0.9648165702819824
28 True
===Wed Apr 24 06:31:48 2019=== 0.9761412143707275
05|22 True
===Wed Apr 24 06:31:48 2019=== 0.9502906799316406
25|24 True
===Wed Apr 24 06:31:48 2019=== 1.0748436450958252
00 False
===Wed Apr 24 06:31:48 2019=== 0.07615542411804199
12 True
===Wed Apr 24 06:31:53 2019=== 0.09259152412414551
04|18|14 True
===Wed Apr 24 06:31:53 2019=== 0.8496904373168945
01|02 True
===Wed Apr 24 06:31:53 2019=== 0.5336673259735107
10|11|15 True
===Wed Apr 24 06:31:53 2019=== 0.6313309669494629
20 True
===Wed Apr 24 06:31:53 2019=== 0.6249165534973145
03 True
===Wed Apr 24 06:31:53 2019=== 0.4217355251312256
31|27 True
===Wed Apr 24 06:31:53 2019=== 0.5438783168792725
06|08|09 True
===Wed Apr 24 06:31:53 2019=== 0.38149237632751465
21 True
===Wed Apr 24 06:31:53 2019=== 0.4070134162902832
39|23|16|17 True
===Wed Apr 24 06:31:53 2019=== 0.48453235626220703
26|29 True
===Wed Apr 24 06:31:53 2019=== 0.473264217376709
28 True
===Wed Apr 24 06:31:53 2019=== 0.4953749179840088
05|22 True
===Wed Apr 24 06:31:53 2019=== 0.470522403717041
25|24 True
===Wed Apr 24 06:31:53 2019=== 0.5460565090179443
00 False
===Wed Apr 24 06:31:53 2019=== 0.07536482810974121
12 True
===Wed Apr 24 06:31:58 2019=== 0.2716336250305176
04|18|14 True
===Wed Apr 24 06:31:58 2019=== 1.8110268115997314
01|02 True
===Wed Apr 24 06:31:58 2019=== 0.4728813171386719
10|11|15 True
===Wed Apr 24 06:31:58 2019=== 1.3998196125030518
20 True
===Wed Apr 24 06:31:58 2019=== 1.261077642440796
03 True
===Wed Apr 24 06:31:58 2019=== 0.33928418159484863
31|27 True
===Wed Apr 24 06:31:58 2019=== 1.5147335529327393
06|08|09 True
===Wed Apr 24 06:31:58 2019=== 0.44240379333496094
21 True
===Wed Apr 24 06:31:58 2019=== 0.4033946990966797
39|23|16|17 True
===Wed Apr 24 06:31:58 2019=== 1.2422521114349365
26|29 True
===Wed Apr 24 06:31:58 2019=== 1.5048272609710693
28 True
===Wed Apr 24 06:31:58 2019=== 1.47247314453125
05|22 True
===Wed Apr 24 06:31:58 2019=== 1.4776768684387207
25|24 True
===Wed Apr 24 06:31:58 2019=== 1.72788405418396
00 False
===Wed Apr 24 06:31:58 2019=== 0.08104968070983887
12 True
===Wed Apr 24 06:32:03 2019=== 0.08745837211608887
04|18|14 True
===Wed Apr 24 06:32:03 2019=== 0.47780442237854004
01|02 True
===Wed Apr 24 06:32:03 2019=== 0.21133852005004883
10|11|15 True
===Wed Apr 24 06:32:03 2019=== 0.41645336151123047
20 True
===Wed Apr 24 06:32:03 2019=== 0.2768847942352295
03 True
===Wed Apr 24 06:32:03 2019=== 0.5988528728485107
31|27 True
===Wed Apr 24 06:32:03 2019=== 0.5692059993743896
06|08|09 True
===Wed Apr 24 06:32:03 2019=== 0.159088134765625
21 True
===Wed Apr 24 06:32:03 2019=== 0.15694808959960938
39|23|16|17 True
===Wed Apr 24 06:32:03 2019=== 0.30024123191833496
26|29 True
===Wed Apr 24 06:32:03 2019=== 0.6088244915008545
28 True
===Wed Apr 24 06:32:03 2019=== 0.619307279586792
05|22 True
===Wed Apr 24 06:32:03 2019=== 0.5798206329345703
25|24 True
===Wed Apr 24 06:32:03 2019=== 0.6936848163604736
00 False
===Wed Apr 24 06:32:03 2019=== 0.062232255935668945
12 True
===Wed Apr 24 06:32:08 2019=== 0.10676956176757812
04|18|14 True
===Wed Apr 24 06:32:08 2019=== 1.065098524093628
01|02 True
===Wed Apr 24 06:32:08 2019=== 0.5657150745391846
10|11|15 True
===Wed Apr 24 06:32:08 2019=== 0.8630390167236328
20 True
===Wed Apr 24 06:32:08 2019=== 0.7977874279022217
03 True
===Wed Apr 24 06:32:08 2019=== 0.6325070858001709
31|27 True
===Wed Apr 24 06:32:08 2019=== 0.7798962593078613
06|08|09 True
===Wed Apr 24 06:32:08 2019=== 0.58868408203125
21 True
===Wed Apr 24 06:32:08 2019=== 0.5754623413085938
39|23|16|17 True
===Wed Apr 24 06:32:08 2019=== 0.7029414176940918
26|29 True
===Wed Apr 24 06:32:08 2019=== 0.7100958824157715
28 True
===Wed Apr 24 06:32:08 2019=== 0.6964514255523682
05|22 True
===Wed Apr 24 06:32:08 2019=== 0.8283495903015137
25|24 True
===Wed Apr 24 06:32:08 2019=== 0.9992234706878662
00 False
===Wed Apr 24 06:32:08 2019=== 0.06572699546813965
test1
Files in '/': ['srv', 'boot', 'usr', 'home', 'sbin', 'lib', 'etc', 'media', 'opt', 'dev', 'sys', 'run', 'lib64', 'mnt', 'proc', 'bin', 'root', 'tmp', 'var', '.dockerenv', 'python']
0  code( 9 )= None
1  code( 10 )= None
2  code( 12 )= None
3  code( 14 )= None
4  code( 17 )= None
5  code( 18 )= None
6  code( 21 )= None
7  code( 23 )= None
8  code( 25 )= None
9  code( 27 )= None
10  code( 29 )= None
11  code( 31 )= None
12  code( 33 )= None
13  code( 35 )= None
14  code( 37 )= None
15
0  code( 9 )= None
1  code( 10 )= None
2  code( 12 )= None
3  code( 14 )= None
4  code( 17 )= None
5  code( 18 )= None
6  code( 21 )= None
7  code( 23 )= None
8  code( 25 )= None
9  code( 27 )= None
10  code( 29 )= None
11  code( 31 )= None
12  code( 33 )= None
13  code( 35 )= None
14  code( 37 )= None
15
0  code( 9 )= None
1  code( 10 )= None
2  code( 12 )= None
3  code( 14 )= None
4  code( 17 )= None
5  code( 18 )= None
6  code( 21 )= None
7  code( 23 )= None
8  code( 25 )= None
9  code( 27 )= None
10  code( 29 )= None
11  code( 31 )= None
12  code( 33 )= None
13  code( 35 )= None
14  code( 37 )= None
15
0  code( 9 )= None
1  code( 10 )= None
2  code( 12 )= None
3  code( 14 )= None
4  code( 17 )= None
5  code( 18 )= None
6  code( 21 )= None
7  code( 23 )= None
8  code( 25 )= None
9  code( 27 )= None
10  code( 29 )= None
11  code( 31 )= None
12  code( 33 )= None
13  code( 35 )= None
14  code( 37 )= None
15
0  code( 9 )= None
1  code( 10 )= None
2  code( 12 )= None
3  code( 14 )= None
4  code( 17 )= None
5  code( 18 )= None
6  code( 21 )= None
7  code( 23 )= None
8  code( 25 )= None
9  code( 27 )= None
10  code( 29 )= None
11  code( 31 )= None
12  code( 33 )= None
13  code( 35 )= None
14  code( 37 )= None
15
0  code( 9 )= None
1  code( 10 )= None
2  code( 12 )= None
3  code( 14 )= None
4  code( 17 )= None
5  code( 18 )= None
6  code( 21 )= None
7  code( 23 )= None
8  code( 25 )= None
9  code( 27 )= None
10  code( 29 )= None
11  code( 31 )= None
12  code( 33 )= None
13  code( 35 )= None
14  code( 37 )= None
15
0  code( 9 )= None
1  code( 10 )= None
2  code( 12 )= None
3  code( 14 )= None
4  code( 17 )= None
5  code( 18 )= None
6  code( 21 )= None
7  code( 23 )= None
8  code( 25 )= None
9  code( 27 )= None
10  code( 29 )= None
11  code( 31 )= None
12  code( 33 )= None
13  code( 35 )= None
14  code( 37 )= None
15
0  code( 9 )= None
1  code( 10 )= None
2  code( 12 )= None
3  code( 14 )= None
4  code( 17 )= None
5  code( 18 )= None
6  code( 21 )= None
7  code( 23 )= None
8  code( 25 )= None
9  code( 27 )= None
10  code( 29 )= None
11  code( 31 )= None
12  code( 33 )= None
13  code( 35 )= None
14  code( 37 )= None
15
0  code( 9 )= None
1  code( 10 )= None
2  code( 12 )= None
3  code( 14 )= None
4  code( 17 )= None
5  code( 18 )= None
6  code( 21 )= None
7  code( 23 )= None
8  code( 25 )= None
9  code( 27 )= None
10  code( 29 )= None
11  code( 31 )= None
12  code( 33 )= None
13  code( 35 )= None
14  code( 37 )= None
15
0  code( 9 )= None
1  code( 10 )= None
2  code( 12 )= None
3  code( 14 )= None
4  code( 17 )= None
5  code( 18 )= None
6  code( 21 )= None
7  code( 23 )= None
8  code( 25 )= None
9  code( 27 )= None
10  code( 29 )= None
11  code( 31 )= None
12  code( 33 )= None
13  code( 35 )= None
14  code( 37 )= None
15
0  code( 9 )= None
1  code( 10 )= None
2  code( 12 )= None
3  code( 14 )= None
4  code( 17 )= None
5  code( 18 )= None
6  code( 21 )= None
7  code( 23 )= None
8  code( 25 )= None
9  code( 27 )= None
10  code( 29 )= None
11  code( 31 )= None
12  code( 33 )= None
13  code( 35 )= None
14  code( 37 )= None
15
0  code( 9 )= None
1  code( 10 )= None
2  code( 12 )= None
3  code( 14 )= None
4  code( 17 )= None
5  code( 18 )= None
6  code( 21 )= None
7  code( 23 )= None
8  code( 25 )= None
9  code( 27 )= None
10  code( 29 )= None
11  code( 31 )= None
12  code( 33 )= None
13  code( 35 )= None
14  code( 37 )= None
15
0  code( 9 )= None
1  code( 10 )= None
2  code( 12 )= None
3  code( 14 )= None
4  code( 17 )= None
5  code( 18 )= None
6  code( 21 )= None
7  code( 23 )= None
8  code( 25 )= None
9  code( 27 )= None
10  code( 29 )= None
11  code( 31 )= None
12  code( 33 )= None
13  code( 35 )= None
14  code( 37 )= None
15
0  code( 9 )= None
1  code( 10 )= None
2  code( 12 )= None
3  code( 14 )= None
4  code( 17 )= None
5  code( 18 )= None
6  code( 21 )= None
7  code( 23 )= None
8  code( 25 )= None
9  code( 27 )= None
10  code( 29 )= None
11  code( 31 )= None
12  code( 33 )= None
13  code( 35 )= None
14  code( 37 )= None
0
twStockTest
localtime: 1556173803 , Str time: 1556153400 , End time: 1556170320
***Thu Apr 25 06:30:03 2019*** ( 96 )
twStockTest
localtime: 1556173803 , Str time: 1556153400 , End time: 1556170320
***Thu Apr 25 06:30:03 2019*** ( 29 )
twStockTest
localtime: 1556173803 , Str time: 1556153400 , End time: 1556170320
twStockTest
localtime: 1556173803 , Str time: 1556153400 , End time: 1556170320
***Thu Apr 25 06:30:03 2019*** ( 31 )
twStockTest
localtime: 1556173803 , Str time: 1556153400 , End time: 1556170320
***Thu Apr 25 06:30:03 2019*** ( 71 )
***Thu Apr 25 06:30:03 2019*** ( 24 )
twStockTest
localtime: 1556173803 , Str time: 1556153400 , End time: 1556170320
***Thu Apr 25 06:30:03 2019*** ( 8 )
twStockTest
localtime: 1556173803 , Str time: 1556153400 , End time: 1556170320
twStockTest
localtime: 1556173803 , Str time: 1556153400 , End time: 1556170320
twStockTest
localtime: 1556173803 , Str time: 1556153400 , End time: 1556170320
***Thu Apr 25 06:30:03 2019*** ( 66 )
twStockTest
localtime: 1556173803 , Str time: 1556153400 , End time: 1556170320
twStockTest
localtime: 1556173803 , Str time: 1556153400 , End time: 1556170320
***Thu Apr 25 06:30:03 2019*** ( 116 )
twStockTest
localtime: 1556173803 , Str time: 1556153400 , End time: 1556170320
***Thu Apr 25 06:30:03 2019*** ( 26 )
***Thu Apr 25 06:30:03 2019*** ( 93 )
***Thu Apr 25 06:30:03 2019*** ( 136 )
twStockTest
localtime: 1556173803 , Str time: 1556153400 , End time: 1556170320
twStockTest
localtime: 1556173803 , Str time: 1556153400 , End time: 1556170320
***Thu Apr 25 06:30:03 2019*** ( 0 )
twStockTest
localtime: 1556173803 , Str time: 1556153400 , End time: 1556170320
***Thu Apr 25 06:30:03 2019*** ( 93 )
***Thu Apr 25 06:30:03 2019*** ( 76 )
***Thu Apr 25 06:30:03 2019*** ( 69 )
28 True
===Thu Apr 25 06:30:08 2019=== 0.7602574825286865
01|02 True
===Thu Apr 25 06:30:08 2019=== 0.250227689743042
21 True
===Thu Apr 25 06:30:08 2019=== 0.3650052547454834
20 True
===Thu Apr 25 06:30:08 2019=== 0.6448073387145996
03 True
===Thu Apr 25 06:30:08 2019=== 0.23018550872802734
12 True
===Thu Apr 25 06:30:08 2019=== 0.1315019130706787
10|11|15 True
===Thu Apr 25 06:30:08 2019=== 0.5936477184295654
04|18|14 True
===Thu Apr 25 06:30:08 2019=== 0.7323315143585205
06|08|09 True
===Thu Apr 25 06:30:08 2019=== 0.24543476104736328
05|22 True
===Thu Apr 25 06:30:08 2019=== 0.6261708736419678
25|24 True
===Thu Apr 25 06:30:08 2019=== 0.8342750072479248
00 False
===Thu Apr 25 06:30:08 2019=== 0.07528114318847656
26|29 True
===Thu Apr 25 06:30:08 2019=== 0.5968868732452393
31|27 True
===Thu Apr 25 06:30:08 2019=== 0.5880544185638428
39|23|16|17 True
===Thu Apr 25 06:30:08 2019=== 0.4929654598236084
28 True
===Thu Apr 25 06:30:13 2019=== 0.6298198699951172
01|02 True
===Thu Apr 25 06:30:13 2019=== 0.36170148849487305
21 True
===Thu Apr 25 06:30:13 2019=== 0.32274770736694336
20 True
===Thu Apr 25 06:30:13 2019=== 0.4458920955657959
03 True
===Thu Apr 25 06:30:13 2019=== 0.2787816524505615
12 True
===Thu Apr 25 06:30:13 2019=== 0.226578950881958
10|11|15 True
===Thu Apr 25 06:30:13 2019=== 0.44348716735839844
04|18|14 True
===Thu Apr 25 06:30:13 2019=== 0.7042667865753174
06|08|09 True
===Thu Apr 25 06:30:13 2019=== 0.2724571228027344
25|24 True
===Thu Apr 25 06:30:13 2019=== 0.9439105987548828
05|22 True
===Thu Apr 25 06:30:13 2019=== 0.7517366409301758
00 False
===Thu Apr 25 06:30:13 2019=== 0.27806830406188965
26|29 True
===Thu Apr 25 06:30:13 2019=== 0.8041512966156006
31|27 True
===Thu Apr 25 06:30:13 2019=== 0.7554898262023926
39|23|16|17 True
===Thu Apr 25 06:30:13 2019=== 0.6991486549377441
28 True
===Thu Apr 25 06:30:18 2019=== 0.48260021209716797
01|02 True
===Thu Apr 25 06:30:18 2019=== 0.24588871002197266
21 True
===Thu Apr 25 06:30:18 2019=== 0.1953110694885254
20 True
===Thu Apr 25 06:30:18 2019=== 0.3104727268218994
03 True
===Thu Apr 25 06:30:18 2019=== 0.15361285209655762
12 True
===Thu Apr 25 06:30:18 2019=== 0.1390702724456787
10|11|15 True
===Thu Apr 25 06:30:18 2019=== 0.3470802307128906
04|18|14 True
===Thu Apr 25 06:30:18 2019=== 0.40238308906555176
06|08|09 True
===Thu Apr 25 06:30:18 2019=== 0.15837907791137695
25|24 True
===Thu Apr 25 06:30:18 2019=== 0.48992061614990234
05|22 True
===Thu Apr 25 06:30:18 2019=== 0.36513519287109375
00 False
===Thu Apr 25 06:30:18 2019=== 0.1097559928894043
26|29 True
===Thu Apr 25 06:30:18 2019=== 0.3517763614654541
31|27 True
===Thu Apr 25 06:30:18 2019=== 0.3780968189239502
39|23|16|17 True
===Thu Apr 25 06:30:18 2019=== 0.36869096755981445
28 True
===Thu Apr 25 06:30:23 2019=== 0.7089939117431641
01|02 True
===Thu Apr 25 06:30:23 2019=== 0.23675203323364258
21 True
===Thu Apr 25 06:30:23 2019=== 0.5293107032775879
20 True
===Thu Apr 25 06:30:23 2019=== 0.6149072647094727
03 True
===Thu Apr 25 06:30:23 2019=== 0.47893524169921875
12 True
===Thu Apr 25 06:30:23 2019=== 0.3645021915435791
10|11|15 True
===Thu Apr 25 06:30:23 2019=== 0.5184216499328613
04|18|14 True
===Thu Apr 25 06:30:23 2019=== 0.6521861553192139
06|08|09 True
===Thu Apr 25 06:30:23 2019=== 0.36572813987731934
25|24 True
===Thu Apr 25 06:30:23 2019=== 0.7320036888122559
05|22 True
===Thu Apr 25 06:30:23 2019=== 0.5329573154449463
00 False
===Thu Apr 25 06:30:23 2019=== 0.14050722122192383
26|29 True
===Thu Apr 25 06:30:23 2019=== 0.5494699478149414
31|27 True
===Thu Apr 25 06:30:23 2019=== 0.47075581550598145
39|23|16|17 True
===Thu Apr 25 06:30:23 2019=== 0.4196343421936035
28 True
===Thu Apr 25 06:30:28 2019=== 0.9520390033721924
01|02 True
===Thu Apr 25 06:30:28 2019=== 0.5840327739715576
21 True
===Thu Apr 25 06:30:28 2019=== 0.5688762664794922
20 True
===Thu Apr 25 06:30:28 2019=== 0.8221051692962646
03 True
===Thu Apr 25 06:30:28 2019=== 0.6179029941558838
12 True
===Thu Apr 25 06:30:28 2019=== 0.343975305557251
10|11|15 True
===Thu Apr 25 06:30:28 2019=== 0.6756277084350586
04|18|14 True
===Thu Apr 25 06:30:28 2019=== 0.8818173408508301
06|08|09 True
===Thu Apr 25 06:30:28 2019=== 0.49590182304382324
05|22 True
===Thu Apr 25 06:30:28 2019=== 0.8350739479064941
25|24 True
===Thu Apr 25 06:30:28 2019=== 0.9353201389312744
00 False
===Thu Apr 25 06:30:28 2019=== 0.07782769203186035
26|29 True
===Thu Apr 25 06:30:28 2019=== 0.7312872409820557
31|27 True
===Thu Apr 25 06:30:28 2019=== 0.6730039119720459
39|23|16|17 True
===Thu Apr 25 06:30:28 2019=== 0.6216731071472168
28 True
===Thu Apr 25 06:30:33 2019=== 0.573998212814331
01|02 True
===Thu Apr 25 06:30:33 2019=== 0.383256196975708
21 True
===Thu Apr 25 06:30:33 2019=== 0.3728210926055908
20 True
===Thu Apr 25 06:30:33 2019=== 0.44484591484069824
03 True
===Thu Apr 25 06:30:33 2019=== 0.3194234371185303
12 True
===Thu Apr 25 06:30:33 2019=== 0.23818635940551758
10|11|15 True
===Thu Apr 25 06:30:33 2019=== 0.33800196647644043
04|18|14 True
===Thu Apr 25 06:30:33 2019=== 0.45568299293518066
06|08|09 True
===Thu Apr 25 06:30:33 2019=== 0.20405054092407227
25|24 True
===Thu Apr 25 06:30:33 2019=== 0.5892717838287354
05|22 True
===Thu Apr 25 06:30:33 2019=== 0.36599087715148926
00 False
===Thu Apr 25 06:30:33 2019=== 0.07069039344787598
26|29 True
===Thu Apr 25 06:30:33 2019=== 0.35443568229675293
31|27 True
===Thu Apr 25 06:30:33 2019=== 0.299457311630249
39|23|16|17 True
===Thu Apr 25 06:30:33 2019=== 0.40921807289123535
28 True
===Thu Apr 25 06:30:38 2019=== 0.6786882877349854
01|02 True
===Thu Apr 25 06:30:38 2019=== 0.4320223331451416
21 True
===Thu Apr 25 06:30:38 2019=== 0.3855457305908203
20 True
===Thu Apr 25 06:30:38 2019=== 0.45556139945983887
03 True
===Thu Apr 25 06:30:38 2019=== 0.33109045028686523
12 True
===Thu Apr 25 06:30:38 2019=== 0.2833690643310547
10|11|15 True
===Thu Apr 25 06:30:38 2019=== 0.3505234718322754
04|18|14 True
===Thu Apr 25 06:30:38 2019=== 0.7491693496704102
06|08|09 True
===Thu Apr 25 06:30:38 2019=== 0.21428251266479492
25|24 True
===Thu Apr 25 06:30:38 2019=== 0.961590051651001
05|22 True
===Thu Apr 25 06:30:38 2019=== 0.44300413131713867
00 False
===Thu Apr 25 06:30:38 2019=== 0.06832075119018555
26|29 True
===Thu Apr 25 06:30:38 2019=== 0.4335334300994873
31|27 True
===Thu Apr 25 06:30:38 2019=== 0.29193854331970215
39|23|16|17 True
===Thu Apr 25 06:30:38 2019=== 0.289931058883667
28 True
===Thu Apr 25 06:30:43 2019=== 0.34678101539611816
01|02 True
===Thu Apr 25 06:30:43 2019=== 0.15770339965820312
21 True
===Thu Apr 25 06:30:43 2019=== 0.19314265251159668
20 True
===Thu Apr 25 06:30:43 2019=== 0.40143847465515137
03 True
===Thu Apr 25 06:30:43 2019=== 0.16842937469482422
12 True
===Thu Apr 25 06:30:43 2019=== 0.10399389266967773
10|11|15 True
===Thu Apr 25 06:30:43 2019=== 0.396181583404541
04|18|14 True
===Thu Apr 25 06:30:43 2019=== 0.5067384243011475
06|08|09 True
===Thu Apr 25 06:30:43 2019=== 0.24509811401367188
25|24 True
===Thu Apr 25 06:30:43 2019=== 0.5572123527526855
05|22 True
===Thu Apr 25 06:30:43 2019=== 0.4102344512939453
00 False
===Thu Apr 25 06:30:43 2019=== 0.0837562084197998
26|29 True
===Thu Apr 25 06:30:43 2019=== 0.4181206226348877
31|27 True
===Thu Apr 25 06:30:43 2019=== 0.3475351333618164
39|23|16|17 True
===Thu Apr 25 06:30:43 2019=== 0.33098459243774414
28 True
===Thu Apr 25 06:30:48 2019=== 0.5985879898071289
01|02 True
===Thu Apr 25 06:30:48 2019=== 0.2194373607635498
21 True
===Thu Apr 25 06:30:48 2019=== 0.18785738945007324
20 True
===Thu Apr 25 06:30:48 2019=== 0.46442413330078125
03 True
===Thu Apr 25 06:30:48 2019=== 0.24133586883544922
12 True
===Thu Apr 25 06:30:48 2019=== 0.15468835830688477
10|11|15 True
===Thu Apr 25 06:30:48 2019=== 0.4441564083099365
04|18|14 True
===Thu Apr 25 06:30:48 2019=== 0.5270328521728516
06|08|09 True
===Thu Apr 25 06:30:48 2019=== 0.23653030395507812
25|24 True
===Thu Apr 25 06:30:48 2019=== 0.6187219619750977
05|22 True
===Thu Apr 25 06:30:48 2019=== 0.4364635944366455
00 False
===Thu Apr 25 06:30:48 2019=== 0.07101607322692871
26|29 True
===Thu Apr 25 06:30:48 2019=== 0.41144728660583496
31|27 True
===Thu Apr 25 06:30:48 2019=== 0.36003541946411133
39|23|16|17 True
===Thu Apr 25 06:30:48 2019=== 0.30773067474365234
28 True
===Thu Apr 25 06:30:53 2019=== 0.9206576347351074
01|02 True
===Thu Apr 25 06:30:53 2019=== 0.19608664512634277
21 True
===Thu Apr 25 06:30:53 2019=== 0.26254892349243164
20 True
===Thu Apr 25 06:30:53 2019=== 0.8540959358215332
03 True
===Thu Apr 25 06:30:53 2019=== 0.3060901165008545
12 True
===Thu Apr 25 06:30:53 2019=== 0.18065237998962402
10|11|15 True
===Thu Apr 25 06:30:53 2019=== 0.9138257503509521
04|18|14 True
===Thu Apr 25 06:30:53 2019=== 1.1562438011169434
06|08|09 True
===Thu Apr 25 06:30:53 2019=== 0.5336203575134277
25|24 True
===Thu Apr 25 06:30:53 2019=== 1.1993491649627686
05|22 True
===Thu Apr 25 06:30:53 2019=== 0.9909777641296387
00 False
===Thu Apr 25 06:30:53 2019=== 0.0776515007019043
26|29 True
===Thu Apr 25 06:30:53 2019=== 0.9663894176483154
31|27 True
===Thu Apr 25 06:30:53 2019=== 0.8870394229888916
39|23|16|17 True
===Thu Apr 25 06:30:53 2019=== 0.8660917282104492
28 True
===Thu Apr 25 06:30:58 2019=== 1.3761224746704102
01|02 True
===Thu Apr 25 06:30:58 2019=== 0.8470034599304199
21 True
===Thu Apr 25 06:30:58 2019=== 0.7738528251647949
20 True
===Thu Apr 25 06:30:58 2019=== 1.0015144348144531
03 True
===Thu Apr 25 06:30:58 2019=== 0.6578307151794434
12 True
===Thu Apr 25 06:30:58 2019=== 0.29636526107788086
10|11|15 True
===Thu Apr 25 06:30:58 2019=== 0.8520503044128418
04|18|14 True
===Thu Apr 25 06:30:58 2019=== 1.6019632816314697
06|08|09 True
===Thu Apr 25 06:30:58 2019=== 0.5984861850738525
25|24 True
===Thu Apr 25 06:30:58 2019=== 1.5225090980529785
05|22 True
===Thu Apr 25 06:30:58 2019=== 1.1502320766448975
00 False
===Thu Apr 25 06:30:58 2019=== 0.15630340576171875
26|29 True
===Thu Apr 25 06:30:58 2019=== 1.3219091892242432
31|27 True
===Thu Apr 25 06:30:58 2019=== 0.856879711151123
39|23|16|17 True
===Thu Apr 25 06:30:58 2019=== 1.2910740375518799
28 True
===Thu Apr 25 06:31:03 2019=== 0.5334784984588623
01|02 True
===Thu Apr 25 06:31:03 2019=== 0.21518516540527344
21 True
===Thu Apr 25 06:31:03 2019=== 0.18795180320739746
20 True
===Thu Apr 25 06:31:03 2019=== 0.4536423683166504
03 True
===Thu Apr 25 06:31:03 2019=== 0.31083250045776367
12 True
===Thu Apr 25 06:31:03 2019=== 0.16570425033569336
10|11|15 True
===Thu Apr 25 06:31:03 2019=== 0.35324645042419434
04|18|14 True
===Thu Apr 25 06:31:03 2019=== 0.7230775356292725
06|08|09 True
===Thu Apr 25 06:31:03 2019=== 0.19565367698669434
25|24 True
===Thu Apr 25 06:31:03 2019=== 0.8863646984100342
05|22 True
===Thu Apr 25 06:31:03 2019=== 0.6304621696472168
00 False
===Thu Apr 25 06:31:03 2019=== 0.07827901840209961
26|29 True
===Thu Apr 25 06:31:03 2019=== 0.628514289855957
31|27 True
===Thu Apr 25 06:31:03 2019=== 0.3498837947845459
39|23|16|17 True
===Thu Apr 25 06:31:03 2019=== 0.3025052547454834
28 True
===Thu Apr 25 06:31:08 2019=== 0.6666302680969238
01|02 True
===Thu Apr 25 06:31:08 2019=== 0.435910701751709
21 True
===Thu Apr 25 06:31:08 2019=== 0.3933281898498535
20 True
===Thu Apr 25 06:31:08 2019=== 0.5516185760498047
03 True
===Thu Apr 25 06:31:08 2019=== 0.34064197540283203
12 True
===Thu Apr 25 06:31:08 2019=== 0.28504061698913574
10|11|15 True
===Thu Apr 25 06:31:08 2019=== 0.39041805267333984
04|18|14 True
===Thu Apr 25 06:31:08 2019=== 0.5616252422332764
06|08|09 True
===Thu Apr 25 06:31:08 2019=== 0.22839665412902832
25|24 True
===Thu Apr 25 06:31:08 2019=== 0.6062288284301758
05|22 True
===Thu Apr 25 06:31:08 2019=== 0.462557315826416
00 False
===Thu Apr 25 06:31:08 2019=== 0.07059168815612793
26|29 True
===Thu Apr 25 06:31:08 2019=== 0.4079592227935791
31|27 True
===Thu Apr 25 06:31:08 2019=== 0.3396468162536621
39|23|16|17 True
===Thu Apr 25 06:31:08 2019=== 0.32045912742614746
28 True
===Thu Apr 25 06:31:13 2019=== 0.8801136016845703
01|02 True
===Thu Apr 25 06:31:13 2019=== 0.4516336917877197
21 True
===Thu Apr 25 06:31:13 2019=== 0.3934173583984375
20 True
===Thu Apr 25 06:31:13 2019=== 0.6575534343719482
03 True
===Thu Apr 25 06:31:13 2019=== 0.3502469062805176
12 True
===Thu Apr 25 06:31:13 2019=== 0.20807194709777832
10|11|15 True
===Thu Apr 25 06:31:13 2019=== 0.5722570419311523
04|18|14 True
===Thu Apr 25 06:31:13 2019=== 0.6599884033203125
06|08|09 True
===Thu Apr 25 06:31:13 2019=== 0.2329392433166504
25|24 True
===Thu Apr 25 06:31:13 2019=== 0.7164862155914307
05|22 True
===Thu Apr 25 06:31:13 2019=== 0.6318721771240234
00 False
===Thu Apr 25 06:31:13 2019=== 0.09854793548583984
26|29 True
===Thu Apr 25 06:31:13 2019=== 0.5916659832000732
31|27 True
===Thu Apr 25 06:31:13 2019=== 0.5074071884155273
39|23|16|17 True
===Thu Apr 25 06:31:13 2019=== 0.5181562900543213
28 True
===Thu Apr 25 06:31:18 2019=== 0.7268974781036377
01|02 True
===Thu Apr 25 06:31:18 2019=== 0.48416590690612793
21 True
===Thu Apr 25 06:31:18 2019=== 0.4278237819671631
20 True
===Thu Apr 25 06:31:18 2019=== 0.5684878826141357
03 True
===Thu Apr 25 06:31:18 2019=== 0.38115358352661133
12 True
===Thu Apr 25 06:31:18 2019=== 0.28889989852905273
10|11|15 True
===Thu Apr 25 06:31:18 2019=== 0.5006701946258545
04|18|14 True
===Thu Apr 25 06:31:18 2019=== 0.6440629959106445
25|24 True
===Thu Apr 25 06:31:18 2019=== 1.6905834674835205
06|08|09 True
===Thu Apr 25 06:31:18 2019=== 0.2944498062133789
05|22 True
===Thu Apr 25 06:31:18 2019=== 0.5442736148834229
00 False
===Thu Apr 25 06:31:18 2019=== 0.12244558334350586
26|29 True
===Thu Apr 25 06:31:18 2019=== 0.5459721088409424
31|27 True
===Thu Apr 25 06:31:18 2019=== 0.49812912940979004
39|23|16|17 True
===Thu Apr 25 06:31:18 2019=== 0.4637746810913086
28 True
===Thu Apr 25 06:31:23 2019=== 0.4152839183807373
01|02 True
===Thu Apr 25 06:31:23 2019=== 0.16278815269470215
21 True
===Thu Apr 25 06:31:23 2019=== 0.1750342845916748
20 True
===Thu Apr 25 06:31:23 2019=== 0.3519093990325928
03 True
===Thu Apr 25 06:31:23 2019=== 0.14337396621704102
12 True
===Thu Apr 25 06:31:23 2019=== 0.1075124740600586
10|11|15 True
===Thu Apr 25 06:31:23 2019=== 0.3144524097442627
04|18|14 True
===Thu Apr 25 06:31:23 2019=== 0.5761582851409912
06|08|09 True
===Thu Apr 25 06:31:23 2019=== 1.1904733180999756
25|24 True
===Thu Apr 25 06:31:23 2019=== 0.658653736114502
05|22 True
===Thu Apr 25 06:31:23 2019=== 0.36408400535583496
00 False
===Thu Apr 25 06:31:23 2019=== 0.07278752326965332
26|29 True
===Thu Apr 25 06:31:23 2019=== 0.4627971649169922
31|27 True
===Thu Apr 25 06:31:23 2019=== 0.3039886951446533
39|23|16|17 True
===Thu Apr 25 06:31:23 2019=== 0.27489781379699707
28 True
===Thu Apr 25 06:31:28 2019=== 1.7922658920288086
01|02 True
===Thu Apr 25 06:31:28 2019=== 0.814692497253418
21 True
===Thu Apr 25 06:31:28 2019=== 0.7525897026062012
20 True
===Thu Apr 25 06:31:28 2019=== 1.0298149585723877
03 True
===Thu Apr 25 06:31:28 2019=== 0.6842787265777588
12 True
===Thu Apr 25 06:31:28 2019=== 0.42311596870422363
10|11|15 True
===Thu Apr 25 06:31:28 2019=== 0.8952527046203613
04|18|14 True
===Thu Apr 25 06:31:28 2019=== 1.5658595561981201
25|24 True
===Thu Apr 25 06:31:28 2019=== 1.688199520111084
06|08|09 True
===Thu Apr 25 06:31:28 2019=== 0.5436956882476807
05|22 True
===Thu Apr 25 06:31:28 2019=== 1.1997697353363037
00 False
===Thu Apr 25 06:31:28 2019=== 0.0646669864654541
26|29 True
===Thu Apr 25 06:31:28 2019=== 1.3604390621185303
31|27 True
===Thu Apr 25 06:31:28 2019=== 1.153749942779541
39|23|16|17 True
===Thu Apr 25 06:31:28 2019=== 0.7815978527069092
28 True
===Thu Apr 25 06:31:33 2019=== 0.37297749519348145
01|02 True
===Thu Apr 25 06:31:33 2019=== 0.18704915046691895
21 True
===Thu Apr 25 06:31:33 2019=== 0.18202710151672363
20 True
===Thu Apr 25 06:31:33 2019=== 0.5174543857574463
03 True
===Thu Apr 25 06:31:33 2019=== 0.14562273025512695
12 True
===Thu Apr 25 06:31:33 2019=== 0.09300422668457031
10|11|15 True
===Thu Apr 25 06:31:33 2019=== 0.4854588508605957
04|18|14 True
===Thu Apr 25 06:31:33 2019=== 0.6795864105224609
06|08|09 True
===Thu Apr 25 06:31:33 2019=== 0.3735511302947998
25|24 True
===Thu Apr 25 06:31:33 2019=== 0.7171928882598877
05|22 True
===Thu Apr 25 06:31:33 2019=== 0.6072921752929688
00 False
===Thu Apr 25 06:31:33 2019=== 0.06203293800354004
26|29 True
===Thu Apr 25 06:31:33 2019=== 0.5426132678985596
31|27 True
===Thu Apr 25 06:31:33 2019=== 0.46821165084838867
39|23|16|17 True
===Thu Apr 25 06:31:33 2019=== 0.4434351921081543
28 True
===Thu Apr 25 06:31:38 2019=== 0.32715654373168945
01|02 True
===Thu Apr 25 06:31:38 2019=== 0.14185667037963867
21 True
===Thu Apr 25 06:31:38 2019=== 0.1983656883239746
20 True
===Thu Apr 25 06:31:38 2019=== 0.8269050121307373
03 True
===Thu Apr 25 06:31:38 2019=== 0.5000724792480469
12 True
===Thu Apr 25 06:31:38 2019=== 0.12481188774108887
10|11|15 True
===Thu Apr 25 06:31:38 2019=== 0.7212581634521484
04|18|14 True
===Thu Apr 25 06:31:38 2019=== 0.88336181640625
06|08|09 True
===Thu Apr 25 06:31:38 2019=== 0.5115606784820557
25|24 True
===Thu Apr 25 06:31:38 2019=== 0.9158780574798584
05|22 True
===Thu Apr 25 06:31:38 2019=== 0.7493281364440918
00 False
===Thu Apr 25 06:31:38 2019=== 0.0596768856048584
26|29 True
===Thu Apr 25 06:31:38 2019=== 0.7992289066314697
31|27 True
===Thu Apr 25 06:31:38 2019=== 0.6816363334655762
39|23|16|17 True
===Thu Apr 25 06:31:38 2019=== 0.6736469268798828
28 True
===Thu Apr 25 06:31:43 2019=== 0.5792820453643799
01|02 True
===Thu Apr 25 06:31:43 2019=== 0.24752092361450195
21 True
===Thu Apr 25 06:31:43 2019=== 0.1982579231262207
20 True
===Thu Apr 25 06:31:43 2019=== 0.3995637893676758
03 True
===Thu Apr 25 06:31:43 2019=== 0.15694618225097656
12 True
===Thu Apr 25 06:31:43 2019=== 0.1060953140258789
10|11|15 True
===Thu Apr 25 06:31:43 2019=== 0.4176785945892334
04|18|14 True
===Thu Apr 25 06:31:43 2019=== 0.7858378887176514
25|24 True
===Thu Apr 25 06:31:43 2019=== 0.8281736373901367
06|08|09 True
===Thu Apr 25 06:31:43 2019=== 0.25426816940307617
05|22 True
===Thu Apr 25 06:31:43 2019=== 0.7091391086578369
00 False
===Thu Apr 25 06:31:43 2019=== 0.06046462059020996
26|29 True
===Thu Apr 25 06:31:43 2019=== 0.6725683212280273
31|27 True
===Thu Apr 25 06:31:43 2019=== 0.6347541809082031
39|23|16|17 True
===Thu Apr 25 06:31:43 2019=== 0.5918774604797363
28 True
===Thu Apr 25 06:31:48 2019=== 1.052363395690918
01|02 True
===Thu Apr 25 06:31:48 2019=== 0.7397582530975342
21 True
===Thu Apr 25 06:31:48 2019=== 0.7286803722381592
20 True
===Thu Apr 25 06:31:48 2019=== 0.9011287689208984
03 True
===Thu Apr 25 06:31:48 2019=== 0.676973819732666
12 True
===Thu Apr 25 06:31:48 2019=== 0.4901103973388672
10|11|15 True
===Thu Apr 25 06:31:48 2019=== 0.7271974086761475
04|18|14 True
===Thu Apr 25 06:31:48 2019=== 1.0119078159332275
06|08|09 True
===Thu Apr 25 06:31:48 2019=== 0.5612621307373047
25|24 True
===Thu Apr 25 06:31:48 2019=== 1.1751914024353027
05|22 True
===Thu Apr 25 06:31:48 2019=== 0.8124599456787109
00 False
===Thu Apr 25 06:31:48 2019=== 1.088552474975586
26|29 True
===Thu Apr 25 06:31:48 2019=== 0.7550337314605713
31|27 True
===Thu Apr 25 06:31:48 2019=== 0.7300786972045898
39|23|16|17 True
===Thu Apr 25 06:31:48 2019=== 0.6655237674713135
28 True
===Thu Apr 25 06:31:53 2019=== 0.534614086151123
01|02 True
===Thu Apr 25 06:31:53 2019=== 0.253619909286499
21 True
===Thu Apr 25 06:31:53 2019=== 0.1935272216796875
20 True
===Thu Apr 25 06:31:53 2019=== 0.3373682498931885
03 True
===Thu Apr 25 06:31:53 2019=== 0.1836411952972412
12 True
===Thu Apr 25 06:31:53 2019=== 0.10171961784362793
10|11|15 True
===Thu Apr 25 06:31:53 2019=== 0.3590207099914551
04|18|14 True
===Thu Apr 25 06:31:53 2019=== 0.5203406810760498
06|08|09 True
===Thu Apr 25 06:31:53 2019=== 0.2518281936645508
25|24 True
===Thu Apr 25 06:31:53 2019=== 0.5489330291748047
05|22 True
===Thu Apr 25 06:31:53 2019=== 0.4009876251220703
00 False
===Thu Apr 25 06:31:53 2019=== 0.07527303695678711
26|29 True
===Thu Apr 25 06:31:53 2019=== 0.41038036346435547
31|27 True
===Thu Apr 25 06:31:53 2019=== 0.33976197242736816
39|23|16|17 True
===Thu Apr 25 06:31:53 2019=== 0.33975744247436523
28 True
===Thu Apr 25 06:31:58 2019=== 0.42908620834350586
01|02 True
===Thu Apr 25 06:31:58 2019=== 0.2216815948486328
21 True
===Thu Apr 25 06:31:58 2019=== 0.1861732006072998
20 True
===Thu Apr 25 06:31:58 2019=== 0.3339807987213135
03 True
===Thu Apr 25 06:31:58 2019=== 0.13457608222961426
12 True
===Thu Apr 25 06:31:58 2019=== 0.11484098434448242
10|11|15 True
===Thu Apr 25 06:31:58 2019=== 0.5463879108428955
04|18|14 True
===Thu Apr 25 06:31:58 2019=== 0.6658453941345215
06|08|09 True
===Thu Apr 25 06:31:58 2019=== 0.4145841598510742
25|24 True
===Thu Apr 25 06:31:58 2019=== 0.853140115737915
05|22 True
===Thu Apr 25 06:31:58 2019=== 0.5778255462646484
00 False
===Thu Apr 25 06:31:58 2019=== 0.07264542579650879
26|29 True
===Thu Apr 25 06:31:58 2019=== 0.5551803112030029
31|27 True
===Thu Apr 25 06:31:58 2019=== 0.4896700382232666
39|23|16|17 True
===Thu Apr 25 06:31:58 2019=== 0.4832737445831299
28 True
===Thu Apr 25 06:32:03 2019=== 0.9664616584777832
01|02 True
===Thu Apr 25 06:32:03 2019=== 0.4325385093688965
21 True
===Thu Apr 25 06:32:03 2019=== 0.37778711318969727
20 True
===Thu Apr 25 06:32:03 2019=== 0.8091316223144531
03 True
===Thu Apr 25 06:32:03 2019=== 0.27704930305480957
12 True
===Thu Apr 25 06:32:03 2019=== 0.11377501487731934
10|11|15 True
===Thu Apr 25 06:32:03 2019=== 0.6999800205230713
04|18|14 True
===Thu Apr 25 06:32:03 2019=== 0.947955846786499
06|08|09 True
===Thu Apr 25 06:32:03 2019=== 0.2791635990142822
25|24 True
===Thu Apr 25 06:32:03 2019=== 1.0079548358917236
05|22 True
===Thu Apr 25 06:32:03 2019=== 0.8140077590942383
00 False
===Thu Apr 25 06:32:03 2019=== 0.07024168968200684
26|29 True
===Thu Apr 25 06:32:03 2019=== 0.7877061367034912
31|27 True
===Thu Apr 25 06:32:03 2019=== 0.6214077472686768
39|23|16|17 True
===Thu Apr 25 06:32:03 2019=== 0.6543571949005127
28 True
===Thu Apr 25 06:32:08 2019=== 0.721315860748291
01|02 True
===Thu Apr 25 06:32:08 2019=== 0.2979106903076172
21 True
===Thu Apr 25 06:32:08 2019=== 0.32355570793151855
20 True
===Thu Apr 25 06:32:08 2019=== 0.6828317642211914
03 True
===Thu Apr 25 06:32:08 2019=== 0.2658219337463379
12 True
===Thu Apr 25 06:32:08 2019=== 0.1861715316772461
10|11|15 True
===Thu Apr 25 06:32:08 2019=== 1.5249366760253906
04|18|14 True
===Thu Apr 25 06:32:08 2019=== 0.9475433826446533
06|08|09 True
===Thu Apr 25 06:32:08 2019=== 0.38689470291137695
25|24 True
===Thu Apr 25 06:32:08 2019=== 1.1150548458099365
05|22 True
===Thu Apr 25 06:32:08 2019=== 0.6966454982757568
00 False
===Thu Apr 25 06:32:08 2019=== 1.093414545059204
26|29 True
===Thu Apr 25 06:32:08 2019=== 0.7114772796630859
31|27 True
===Thu Apr 25 06:32:08 2019=== 0.6396353244781494
39|23|16|17 True
===Thu Apr 25 06:32:08 2019=== 0.6809194087982178
test1
Files in '/': ['srv', 'boot', 'usr', 'home', 'sbin', 'lib', 'etc', 'media', 'opt', 'dev', 'sys', 'run', 'lib64', 'mnt', 'proc', 'bin', 'root', 'tmp', 'var', '.dockerenv', 'python']
0  code( 10 )= None
1  code( 12 )= None
2  code( 13 )= None
3  code( 15 )= None
4  code( 17 )= None
5  code( 20 )= None
6  code( 21 )= None
7  code( 23 )= None
8  code( 26 )= None
9  code( 28 )= None
10  code( 30 )= None
11  code( 32 )= None
12  code( 34 )= None
13  code( 36 )= None
14  code( 38 )= None
15
0  code( 10 )= None
1  code( 12 )= None
2  code( 13 )= None
3  code( 15 )= None
4  code( 17 )= None
5  code( 20 )= None
6  code( 21 )= None
7  code( 23 )= None
8  code( 26 )= None
9  code( 28 )= None
10  code( 30 )= None
11  code( 32 )= None
12  code( 34 )= None
13  code( 36 )= None
14  code( 38 )= None
15
0  code( 10 )= None
1  code( 12 )= None
2  code( 13 )= None
3  code( 15 )= None
4  code( 17 )= None
5  code( 20 )= None
6  code( 21 )= None
7  code( 23 )= None
8  code( 26 )= None
9  code( 28 )= None
10  code( 30 )= None
11  code( 32 )= None
12  code( 34 )= None
13  code( 36 )= None
14  code( 38 )= None
15
0  code( 10 )= None
1  code( 12 )= None
2  code( 13 )= None
3  code( 15 )= None
4  code( 17 )= None
5  code( 20 )= None
6  code( 21 )= None
7  code( 23 )= None
8  code( 26 )= None
9  code( 28 )= None
10  code( 30 )= None
11  code( 32 )= None
12  code( 34 )= None
13  code( 36 )= None
14  code( 38 )= None
15
0  code( 10 )= None
1  code( 12 )= None
2  code( 13 )= None
3  code( 15 )= None
4  code( 17 )= None
5  code( 20 )= None
6  code( 21 )= None
7  code( 23 )= None
8  code( 26 )= None
9  code( 28 )= None
10  code( 30 )= None
11  code( 32 )= None
12  code( 34 )= None
13  code( 36 )= None
14  code( 38 )= None
15
0  code( 10 )= None
1  code( 12 )= None
2  code( 13 )= None
3  code( 15 )= None
4  code( 17 )= None
5  code( 20 )= None
6  code( 21 )= None
7  code( 23 )= None
8  code( 26 )= None
9  code( 28 )= None
10  code( 30 )= None
11  code( 32 )= None
12  code( 34 )= None
13  code( 36 )= None
14  code( 38 )= None
15
0  code( 10 )= None
1  code( 12 )= None
2  code( 13 )= None
3  code( 15 )= None
4  code( 17 )= None
5  code( 20 )= None
6  code( 21 )= None
7  code( 23 )= None
8  code( 26 )= None
9  code( 28 )= None
10  code( 30 )= None
11  code( 32 )= None
12  code( 34 )= None
13  code( 36 )= None
14  code( 38 )= None
15
0  code( 10 )= None
1  code( 12 )= None
2  code( 13 )= None
3  code( 15 )= None
4  code( 17 )= None
5  code( 20 )= None
6  code( 21 )= None
7  code( 23 )= None
8  code( 26 )= None
9  code( 28 )= None
10  code( 30 )= None
11  code( 32 )= None
12  code( 34 )= None
13  code( 36 )= None
14  code( 38 )= None
15
0  code( 10 )= None
1  code( 12 )= None
2  code( 13 )= None
3  code( 15 )= None
4  code( 17 )= None
5  code( 20 )= None
6  code( 21 )= None
7  code( 23 )= None
8  code( 26 )= None
9  code( 28 )= None
10  code( 30 )= None
11  code( 32 )= None
12  code( 34 )= None
13  code( 36 )= None
14  code( 38 )= None
15
0  code( 10 )= None
1  code( 12 )= None
2  code( 13 )= None
3  code( 15 )= None
4  code( 17 )= None
5  code( 20 )= None
6  code( 21 )= None
7  code( 23 )= None
8  code( 26 )= None
9  code( 28 )= None
10  code( 30 )= None
11  code( 32 )= None
12  code( 34 )= None
13  code( 36 )= None
14  code( 38 )= None
15
0  code( 10 )= None
1  code( 12 )= None
2  code( 13 )= None
3  code( 15 )= None
4  code( 17 )= None
5  code( 20 )= None
6  code( 21 )= None
7  code( 23 )= None
8  code( 26 )= None
9  code( 28 )= None
10  code( 30 )= None
11  code( 32 )= None
12  code( 34 )= None
13  code( 36 )= None
14  code( 38 )= None
15
0  code( 10 )= None
1  code( 12 )= None
2  code( 13 )= None
3  code( 15 )= None
4  code( 17 )= None
5  code( 20 )= None
6  code( 21 )= None
7  code( 23 )= None
8  code( 26 )= None
9  code( 28 )= None
10  code( 30 )= None
11  code( 32 )= None
12  code( 34 )= None
13  code( 36 )= None
14  code( 38 )= None
15
0  code( 10 )= None
1  code( 12 )= None
2  code( 13 )= None
3  code( 15 )= None
4  code( 17 )= None
5  code( 20 )= None
6  code( 21 )= None
7  code( 23 )= None
8  code( 26 )= None
9  code( 28 )= None
10  code( 30 )= None
11  code( 32 )= None
12  code( 34 )= None
13  code( 36 )= None
14  code( 38 )= None
15
0  code( 10 )= None
1  code( 12 )= None
2  code( 13 )= None
3  code( 15 )= None
4  code( 17 )= None
5  code( 20 )= None
6  code( 21 )= None
7  code( 23 )= None
8  code( 26 )= None
9  code( 28 )= None
10  code( 30 )= None
11  code( 32 )= None
12  code( 34 )= None
13  code( 36 )= None
14  code( 38 )= None
0
twStockTest
localtime: 1556260203 , Str time: 1556239800 , End time: 1556256720
twStockTest
localtime: 1556260203 , Str time: 1556239800 , End time: 1556256720
***Fri Apr 26 06:30:03 2019*** ( 8 )
***Fri Apr 26 06:30:03 2019*** ( 0 )
twStockTest
localtime: 1556260203 , Str time: 1556239800 , End time: 1556256720
***Fri Apr 26 06:30:03 2019*** ( 96 )
twStockTest
localtime: 1556260203 , Str time: 1556239800 , End time: 1556256720
twStockTest
localtime: 1556260203 , Str time: 1556239800 , End time: 1556256720
***Fri Apr 26 06:30:03 2019*** ( 31 )
***Fri Apr 26 06:30:03 2019*** ( 71 )
twStockTest
localtime: 1556260203 , Str time: 1556239800 , End time: 1556256720
***Fri Apr 26 06:30:04 2019*** ( 24 )
twStockTest
localtime: 1556260204 , Str time: 1556239800 , End time: 1556256720
***Fri Apr 26 06:30:04 2019*** ( 29 )
twStockTest
localtime: 1556260204 , Str time: 1556239800 , End time: 1556256720
twStockTest
localtime: 1556260204 , Str time: 1556239800 , End time: 1556256720
twStockTest
localtime: 1556260204 , Str time: 1556239800 , End time: 1556256720
twStockTest
localtime: 1556260204 , Str time: 1556239800 , End time: 1556256720
***Fri Apr 26 06:30:04 2019*** ( 76 )
twStockTest
localtime: 1556260204 , Str time: 1556239800 , End time: 1556256720
***Fri Apr 26 06:30:04 2019*** ( 93 )
***Fri Apr 26 06:30:04 2019*** ( 93 )
twStockTest
localtime: 1556260204 , Str time: 1556239800 , End time: 1556256720
***Fri Apr 26 06:30:04 2019*** ( 69 )
twStockTest
localtime: 1556260204 , Str time: 1556239800 , End time: 1556256720
***Fri Apr 26 06:30:04 2019*** ( 116 )
***Fri Apr 26 06:30:04 2019*** ( 26 )
twStockTest
localtime: 1556260204 , Str time: 1556239800 , End time: 1556256720
***Fri Apr 26 06:30:04 2019*** ( 136 )
***Fri Apr 26 06:30:04 2019*** ( 66 )
12 True
===Fri Apr 26 06:30:08 2019=== 0.16435885429382324
00 False
===Fri Apr 26 06:30:08 2019=== 0.06857061386108398
28 True
===Fri Apr 26 06:30:08 2019=== 1.2679407596588135
21 True
===Fri Apr 26 06:30:08 2019=== 0.9768290519714355
20 True
===Fri Apr 26 06:30:08 2019=== 1.0829331874847412
03 True
===Fri Apr 26 06:30:09 2019=== 0.8223605155944824
01|02 True
===Fri Apr 26 06:30:09 2019=== 0.8493492603302002
31|27 True
===Fri Apr 26 06:30:09 2019=== 0.9745874404907227
26|29 True
===Fri Apr 26 06:30:09 2019=== 1.0436508655548096
05|22 True
===Fri Apr 26 06:30:09 2019=== 1.0366549491882324
39|23|16|17 True
===Fri Apr 26 06:30:09 2019=== 0.9457855224609375
04|18|14 True
===Fri Apr 26 06:30:09 2019=== 1.1468796730041504
06|08|09 True
===Fri Apr 26 06:30:09 2019=== 0.758624792098999
25|24 True
===Fri Apr 26 06:30:09 2019=== 1.2265291213989258
10|11|15 True
===Fri Apr 26 06:30:09 2019=== 0.9371242523193359
12 True
===Fri Apr 26 06:30:13 2019=== 0.17411255836486816
00 False
===Fri Apr 26 06:30:13 2019=== 0.06090903282165527
28 True
===Fri Apr 26 06:30:13 2019=== 1.010965347290039
21 True
===Fri Apr 26 06:30:13 2019=== 0.6862938404083252
20 True
===Fri Apr 26 06:30:13 2019=== 0.8509585857391357
03 True
===Fri Apr 26 06:30:14 2019=== 0.35924339294433594
01|02 True
===Fri Apr 26 06:30:14 2019=== 0.5680961608886719
31|27 True
===Fri Apr 26 06:30:14 2019=== 0.7560617923736572
05|22 True
===Fri Apr 26 06:30:14 2019=== 0.8374931812286377
26|29 True
===Fri Apr 26 06:30:14 2019=== 0.8220090866088867
39|23|16|17 True
===Fri Apr 26 06:30:14 2019=== 0.7196395397186279
04|18|14 True
===Fri Apr 26 06:30:14 2019=== 0.9359951019287109
06|08|09 True
===Fri Apr 26 06:30:14 2019=== 0.570420503616333
25|24 True
===Fri Apr 26 06:30:14 2019=== 0.9733784198760986
10|11|15 True
===Fri Apr 26 06:30:14 2019=== 0.7167370319366455
12 True
===Fri Apr 26 06:30:18 2019=== 0.1806650161743164
00 False
===Fri Apr 26 06:30:18 2019=== 0.10067248344421387
28 True
===Fri Apr 26 06:30:18 2019=== 0.8660852909088135
21 True
===Fri Apr 26 06:30:18 2019=== 0.4986445903778076
20 True
===Fri Apr 26 06:30:18 2019=== 0.7356793880462646
03 True
===Fri Apr 26 06:30:19 2019=== 0.4625272750854492
01|02 True
===Fri Apr 26 06:30:19 2019=== 0.4257190227508545
31|27 True
===Fri Apr 26 06:30:19 2019=== 0.6326446533203125
26|29 True
===Fri Apr 26 06:30:19 2019=== 0.6395974159240723
05|22 True
===Fri Apr 26 06:30:19 2019=== 0.6420655250549316
39|23|16|17 True
===Fri Apr 26 06:30:19 2019=== 0.5626695156097412
04|18|14 True
===Fri Apr 26 06:30:19 2019=== 0.9240992069244385
06|08|09 True
===Fri Apr 26 06:30:19 2019=== 0.34092211723327637
25|24 True
===Fri Apr 26 06:30:19 2019=== 0.9969160556793213
10|11|15 True
===Fri Apr 26 06:30:19 2019=== 0.5397112369537354
12 True
===Fri Apr 26 06:30:23 2019=== 0.1818389892578125
00 False
===Fri Apr 26 06:30:23 2019=== 0.1324324607849121
28 True
===Fri Apr 26 06:30:23 2019=== 0.5547976493835449
20 True
===Fri Apr 26 06:30:23 2019=== 0.46827197074890137
21 True
===Fri Apr 26 06:30:23 2019=== 0.19335603713989258
03 True
===Fri Apr 26 06:30:24 2019=== 0.28247833251953125
01|02 True
===Fri Apr 26 06:30:24 2019=== 0.3193998336791992
31|27 True
===Fri Apr 26 06:30:24 2019=== 0.42256784439086914
26|29 True
===Fri Apr 26 06:30:24 2019=== 0.4386324882507324
05|22 True
===Fri Apr 26 06:30:24 2019=== 0.44592785835266113
39|23|16|17 True
===Fri Apr 26 06:30:24 2019=== 0.36922740936279297
04|18|14 True
===Fri Apr 26 06:30:24 2019=== 0.5011770725250244
06|08|09 True
===Fri Apr 26 06:30:24 2019=== 0.23353290557861328
25|24 True
===Fri Apr 26 06:30:24 2019=== 0.5374374389648438
10|11|15 True
===Fri Apr 26 06:30:24 2019=== 0.3651151657104492
12 True
===Fri Apr 26 06:30:28 2019=== 0.15932464599609375
00 False
===Fri Apr 26 06:30:28 2019=== 0.10760283470153809
28 True
===Fri Apr 26 06:30:28 2019=== 0.635828971862793
20 True
===Fri Apr 26 06:30:28 2019=== 0.5474581718444824
21 True
===Fri Apr 26 06:30:28 2019=== 0.24679255485534668
03 True
===Fri Apr 26 06:30:29 2019=== 0.24211835861206055
01|02 True
===Fri Apr 26 06:30:29 2019=== 0.3819153308868408
31|27 True
===Fri Apr 26 06:30:29 2019=== 0.5326592922210693
26|29 True
===Fri Apr 26 06:30:29 2019=== 0.649897575378418
05|22 True
===Fri Apr 26 06:30:29 2019=== 0.6182520389556885
39|23|16|17 True
===Fri Apr 26 06:30:29 2019=== 0.4813377857208252
06|08|09 True
===Fri Apr 26 06:30:29 2019=== 0.3238980770111084
04|18|14 True
===Fri Apr 26 06:30:29 2019=== 0.7345001697540283
25|24 True
===Fri Apr 26 06:30:29 2019=== 0.7781591415405273
10|11|15 True
===Fri Apr 26 06:30:29 2019=== 0.6929469108581543
12 True
===Fri Apr 26 06:30:33 2019=== 0.12110114097595215
00 False
===Fri Apr 26 06:30:33 2019=== 0.0658714771270752
28 True
===Fri Apr 26 06:30:33 2019=== 0.4156496524810791
21 True
===Fri Apr 26 06:30:33 2019=== 0.1932816505432129
20 True
===Fri Apr 26 06:30:33 2019=== 0.3599741458892822
03 True
===Fri Apr 26 06:30:34 2019=== 0.14708566665649414
01|02 True
===Fri Apr 26 06:30:34 2019=== 0.16038131713867188
31|27 True
===Fri Apr 26 06:30:34 2019=== 0.39223146438598633
26|29 True
===Fri Apr 26 06:30:34 2019=== 0.7070982456207275
05|22 True
===Fri Apr 26 06:30:34 2019=== 0.37848377227783203
39|23|16|17 True
===Fri Apr 26 06:30:34 2019=== 0.3670980930328369
06|08|09 True
===Fri Apr 26 06:30:34 2019=== 0.21959233283996582
04|18|14 True
===Fri Apr 26 06:30:34 2019=== 0.8042504787445068
25|24 True
===Fri Apr 26 06:30:34 2019=== 0.9709010124206543
10|11|15 True
===Fri Apr 26 06:30:34 2019=== 0.32229065895080566
12 True
===Fri Apr 26 06:30:38 2019=== 0.16164922714233398
00 False
===Fri Apr 26 06:30:38 2019=== 0.1363966464996338
28 True
===Fri Apr 26 06:30:38 2019=== 0.5777344703674316
21 True
===Fri Apr 26 06:30:38 2019=== 0.38515591621398926
20 True
===Fri Apr 26 06:30:38 2019=== 0.46658825874328613
03 True
===Fri Apr 26 06:30:39 2019=== 0.3234062194824219
01|02 True
===Fri Apr 26 06:30:39 2019=== 0.2766733169555664
31|27 True
===Fri Apr 26 06:30:39 2019=== 0.34445881843566895
26|29 True
===Fri Apr 26 06:30:39 2019=== 0.3940567970275879
39|23|16|17 True
===Fri Apr 26 06:30:39 2019=== 0.33463287353515625
05|22 True
===Fri Apr 26 06:30:39 2019=== 0.396085262298584
06|08|09 True
===Fri Apr 26 06:30:39 2019=== 0.19571352005004883
04|18|14 True
===Fri Apr 26 06:30:39 2019=== 0.4895029067993164
25|24 True
===Fri Apr 26 06:30:39 2019=== 0.5060687065124512
10|11|15 True
===Fri Apr 26 06:30:39 2019=== 0.2896106243133545
12 True
===Fri Apr 26 06:30:43 2019=== 0.40702033042907715
00 False
===Fri Apr 26 06:30:43 2019=== 0.1424238681793213
28 True
===Fri Apr 26 06:30:43 2019=== 0.699033260345459
20 True
===Fri Apr 26 06:30:43 2019=== 0.5506880283355713
21 True
===Fri Apr 26 06:30:43 2019=== 0.35654473304748535
03 True
===Fri Apr 26 06:30:44 2019=== 0.2914748191833496
01|02 True
===Fri Apr 26 06:30:44 2019=== 0.2490699291229248
31|27 True
===Fri Apr 26 06:30:44 2019=== 0.4337139129638672
39|23|16|17 True
===Fri Apr 26 06:30:44 2019=== 0.4401066303253174
26|29 True
===Fri Apr 26 06:30:44 2019=== 0.49097418785095215
05|22 True
===Fri Apr 26 06:30:44 2019=== 0.49834322929382324
04|18|14 True
===Fri Apr 26 06:30:44 2019=== 0.5472941398620605
06|08|09 True
===Fri Apr 26 06:30:44 2019=== 0.2552220821380615
25|24 True
===Fri Apr 26 06:30:44 2019=== 0.5883708000183105
10|11|15 True
===Fri Apr 26 06:30:44 2019=== 0.4075489044189453
12 True
===Fri Apr 26 06:30:48 2019=== 0.17076444625854492
00 False
===Fri Apr 26 06:30:48 2019=== 0.14029169082641602
28 True
===Fri Apr 26 06:30:48 2019=== 0.5496275424957275
20 True
===Fri Apr 26 06:30:48 2019=== 0.38881564140319824
21 True
===Fri Apr 26 06:30:48 2019=== 0.2293093204498291
03 True
===Fri Apr 26 06:30:49 2019=== 0.22629928588867188
01|02 True
===Fri Apr 26 06:30:49 2019=== 0.18686342239379883
31|27 True
===Fri Apr 26 06:30:49 2019=== 0.3685290813446045
39|23|16|17 True
===Fri Apr 26 06:30:49 2019=== 0.35099124908447266
05|22 True
===Fri Apr 26 06:30:49 2019=== 0.7867894172668457
26|29 True
===Fri Apr 26 06:30:49 2019=== 0.738417387008667
06|08|09 True
===Fri Apr 26 06:30:49 2019=== 0.1933596134185791
04|18|14 True
===Fri Apr 26 06:30:49 2019=== 0.9285757541656494
25|24 True
===Fri Apr 26 06:30:49 2019=== 0.9632961750030518
10|11|15 True
===Fri Apr 26 06:30:49 2019=== 0.639716625213623
12 True
===Fri Apr 26 06:30:53 2019=== 0.2549557685852051
00 False
===Fri Apr 26 06:30:53 2019=== 0.06305599212646484
28 True
===Fri Apr 26 06:30:53 2019=== 0.5245866775512695
20 True
===Fri Apr 26 06:30:54 2019=== 0.4125478267669678
21 True
===Fri Apr 26 06:30:54 2019=== 0.27486252784729004
03 True
===Fri Apr 26 06:30:54 2019=== 0.22127008438110352
01|02 True
===Fri Apr 26 06:30:54 2019=== 0.20830249786376953
31|27 True
===Fri Apr 26 06:30:54 2019=== 0.3397681713104248
05|22 True
===Fri Apr 26 06:30:54 2019=== 0.4127769470214844
39|23|16|17 True
===Fri Apr 26 06:30:54 2019=== 0.3149120807647705
26|29 True
===Fri Apr 26 06:30:54 2019=== 0.42272520065307617
04|18|14 True
===Fri Apr 26 06:30:54 2019=== 0.47886133193969727
06|08|09 True
===Fri Apr 26 06:30:54 2019=== 0.17919135093688965
25|24 True
===Fri Apr 26 06:30:54 2019=== 0.5974781513214111
10|11|15 True
===Fri Apr 26 06:30:54 2019=== 0.3796722888946533
12 True
===Fri Apr 26 06:30:58 2019=== 0.09708905220031738
00 False
===Fri Apr 26 06:30:58 2019=== 0.06699061393737793
28 True
===Fri Apr 26 06:30:58 2019=== 0.5965487957000732
20 True
===Fri Apr 26 06:30:59 2019=== 0.46991682052612305
21 True
===Fri Apr 26 06:30:59 2019=== 0.3772459030151367
03 True
===Fri Apr 26 06:30:59 2019=== 0.3174281120300293
01|02 True
===Fri Apr 26 06:30:59 2019=== 0.2822115421295166
31|27 True
===Fri Apr 26 06:30:59 2019=== 0.3599095344543457
05|22 True
===Fri Apr 26 06:30:59 2019=== 0.38100600242614746
26|29 True
===Fri Apr 26 06:30:59 2019=== 0.39403486251831055
39|23|16|17 True
===Fri Apr 26 06:30:59 2019=== 0.3236110210418701
06|08|09 True
===Fri Apr 26 06:30:59 2019=== 0.18831896781921387
04|18|14 True
===Fri Apr 26 06:30:59 2019=== 0.45641422271728516
25|24 True
===Fri Apr 26 06:30:59 2019=== 0.49305057525634766
10|11|15 True
===Fri Apr 26 06:30:59 2019=== 0.2876925468444824
12 True
===Fri Apr 26 06:31:03 2019=== 0.5850424766540527
00 False
===Fri Apr 26 06:31:03 2019=== 0.07600641250610352
28 True
===Fri Apr 26 06:31:03 2019=== 0.4383680820465088
20 True
===Fri Apr 26 06:31:04 2019=== 0.3200211524963379
21 True
===Fri Apr 26 06:31:04 2019=== 0.18100976943969727
03 True
===Fri Apr 26 06:31:04 2019=== 0.20406055450439453
01|02 True
===Fri Apr 26 06:31:04 2019=== 0.17222094535827637
31|27 True
===Fri Apr 26 06:31:04 2019=== 0.9009687900543213
39|23|16|17 True
===Fri Apr 26 06:31:04 2019=== 0.8399937152862549
26|29 True
===Fri Apr 26 06:31:04 2019=== 0.9530951976776123
05|22 True
===Fri Apr 26 06:31:04 2019=== 0.9141840934753418
04|18|14 True
===Fri Apr 26 06:31:04 2019=== 1.034095287322998
06|08|09 True
===Fri Apr 26 06:31:04 2019=== 0.3484532833099365
25|24 True
===Fri Apr 26 06:31:04 2019=== 1.09889554977417
10|11|15 True
===Fri Apr 26 06:31:04 2019=== 0.8217494487762451
12 True
===Fri Apr 26 06:31:08 2019=== 0.133805513381958
00 False
===Fri Apr 26 06:31:08 2019=== 0.07478618621826172
28 True
===Fri Apr 26 06:31:08 2019=== 1.053621768951416
20 True
===Fri Apr 26 06:31:09 2019=== 0.9553842544555664
21 True
===Fri Apr 26 06:31:09 2019=== 0.6686687469482422
03 True
===Fri Apr 26 06:31:09 2019=== 0.7175865173339844
01|02 True
===Fri Apr 26 06:31:09 2019=== 0.7047839164733887
31|27 True
===Fri Apr 26 06:31:09 2019=== 0.8563957214355469
05|22 True
===Fri Apr 26 06:31:09 2019=== 0.8903851509094238
39|23|16|17 True
===Fri Apr 26 06:31:09 2019=== 0.8398654460906982
26|29 True
===Fri Apr 26 06:31:09 2019=== 0.8244247436523438
25|24 True
===Fri Apr 26 06:31:09 2019=== 1.0213377475738525
06|08|09 True
===Fri Apr 26 06:31:09 2019=== 0.5903427600860596
04|18|14 True
===Fri Apr 26 06:31:09 2019=== 0.9504094123840332
10|11|15 True
===Fri Apr 26 06:31:09 2019=== 0.7216331958770752
12 True
===Fri Apr 26 06:31:13 2019=== 0.27099609375
00 False
===Fri Apr 26 06:31:13 2019=== 0.07272839546203613
28 True
===Fri Apr 26 06:31:13 2019=== 0.6272289752960205
20 True
===Fri Apr 26 06:31:14 2019=== 0.5074853897094727
21 True
===Fri Apr 26 06:31:14 2019=== 0.2738006114959717
03 True
===Fri Apr 26 06:31:14 2019=== 0.18332242965698242
01|02 True
===Fri Apr 26 06:31:14 2019=== 0.2214217185974121
31|27 True
===Fri Apr 26 06:31:14 2019=== 0.45888781547546387
05|22 True
===Fri Apr 26 06:31:14 2019=== 0.49072718620300293
39|23|16|17 True
===Fri Apr 26 06:31:14 2019=== 0.4233837127685547
26|29 True
===Fri Apr 26 06:31:14 2019=== 0.48755788803100586
25|24 True
===Fri Apr 26 06:31:14 2019=== 0.6174943447113037
04|18|14 True
===Fri Apr 26 06:31:14 2019=== 0.5554721355438232
06|08|09 True
===Fri Apr 26 06:31:14 2019=== 0.26078128814697266
10|11|15 True
===Fri Apr 26 06:31:14 2019=== 0.37279677391052246
12 True
===Fri Apr 26 06:31:18 2019=== 0.09341740608215332
00 False
===Fri Apr 26 06:31:18 2019=== 0.06186103820800781
28 True
===Fri Apr 26 06:31:18 2019=== 0.47266483306884766
20 True
===Fri Apr 26 06:31:19 2019=== 0.41580629348754883
21 True
===Fri Apr 26 06:31:19 2019=== 0.18153810501098633
03 True
===Fri Apr 26 06:31:19 2019=== 0.15906667709350586
01|02 True
===Fri Apr 26 06:31:19 2019=== 0.20319557189941406
31|27 True
===Fri Apr 26 06:31:19 2019=== 0.5910444259643555
39|23|16|17 True
===Fri Apr 26 06:31:19 2019=== 0.6329424381256104
05|22 True
===Fri Apr 26 06:31:19 2019=== 0.7002248764038086
26|29 True
===Fri Apr 26 06:31:19 2019=== 0.6774895191192627
25|24 True
===Fri Apr 26 06:31:19 2019=== 0.8182494640350342
04|18|14 True
===Fri Apr 26 06:31:19 2019=== 0.7560546398162842
06|08|09 True
===Fri Apr 26 06:31:19 2019=== 0.17716741561889648
10|11|15 True
===Fri Apr 26 06:31:19 2019=== 0.5632987022399902
12 True
===Fri Apr 26 06:31:23 2019=== 0.314697265625
00 False
===Fri Apr 26 06:31:23 2019=== 0.12649965286254883
28 True
===Fri Apr 26 06:31:23 2019=== 0.6489272117614746
20 True
===Fri Apr 26 06:31:24 2019=== 0.4919321537017822
21 True
===Fri Apr 26 06:31:24 2019=== 0.2720067501068115
03 True
===Fri Apr 26 06:31:24 2019=== 0.22298789024353027
01|02 True
===Fri Apr 26 06:31:24 2019=== 0.2550320625305176
31|27 True
===Fri Apr 26 06:31:24 2019=== 0.3989851474761963
05|22 True
===Fri Apr 26 06:31:24 2019=== 0.4151318073272705
39|23|16|17 True
===Fri Apr 26 06:31:24 2019=== 0.3425452709197998
26|29 True
===Fri Apr 26 06:31:24 2019=== 0.46315693855285645
25|24 True
===Fri Apr 26 06:31:24 2019=== 0.5646665096282959
04|18|14 True
===Fri Apr 26 06:31:24 2019=== 0.5143468379974365
06|08|09 True
===Fri Apr 26 06:31:24 2019=== 0.22706127166748047
10|11|15 True
===Fri Apr 26 06:31:24 2019=== 0.2860910892486572
12 True
===Fri Apr 26 06:31:28 2019=== 0.11675143241882324
00 False
===Fri Apr 26 06:31:28 2019=== 0.07287836074829102
28 True
===Fri Apr 26 06:31:28 2019=== 0.3487241268157959
20 True
===Fri Apr 26 06:31:29 2019=== 0.2851428985595703
21 True
===Fri Apr 26 06:31:29 2019=== 0.14691376686096191
03 True
===Fri Apr 26 06:31:29 2019=== 0.1733255386352539
01|02 True
===Fri Apr 26 06:31:29 2019=== 0.15234065055847168
31|27 True
===Fri Apr 26 06:31:29 2019=== 0.35837674140930176
05|22 True
===Fri Apr 26 06:31:29 2019=== 0.36808061599731445
39|23|16|17 True
===Fri Apr 26 06:31:29 2019=== 0.30840611457824707
26|29 True
===Fri Apr 26 06:31:29 2019=== 0.4057943820953369
25|24 True
===Fri Apr 26 06:31:29 2019=== 0.4699366092681885
06|08|09 True
===Fri Apr 26 06:31:29 2019=== 0.16655468940734863
04|18|14 True
===Fri Apr 26 06:31:29 2019=== 0.4201784133911133
10|11|15 True
===Fri Apr 26 06:31:29 2019=== 0.23821139335632324
12 True
===Fri Apr 26 06:31:33 2019=== 0.2040693759918213
00 False
===Fri Apr 26 06:31:33 2019=== 0.0855710506439209
28 True
===Fri Apr 26 06:31:33 2019=== 1.088212013244629
20 True
===Fri Apr 26 06:31:34 2019=== 0.7896242141723633
21 True
===Fri Apr 26 06:31:34 2019=== 0.27156710624694824
03 True
===Fri Apr 26 06:31:34 2019=== 0.6490218639373779
01|02 True
===Fri Apr 26 06:31:34 2019=== 0.5566699504852295
31|27 True
===Fri Apr 26 06:31:34 2019=== 1.0942227840423584
05|22 True
===Fri Apr 26 06:31:34 2019=== 1.1038591861724854
39|23|16|17 True
===Fri Apr 26 06:31:34 2019=== 1.0651288032531738
26|29 True
===Fri Apr 26 06:31:34 2019=== 1.1453580856323242
25|24 True
===Fri Apr 26 06:31:34 2019=== 1.2309978008270264
06|08|09 True
===Fri Apr 26 06:31:34 2019=== 0.4542367458343506
04|18|14 True
===Fri Apr 26 06:31:34 2019=== 1.1499481201171875
10|11|15 True
===Fri Apr 26 06:31:34 2019=== 0.6809861660003662
12 True
===Fri Apr 26 06:31:38 2019=== 0.39745664596557617
00 False
===Fri Apr 26 06:31:38 2019=== 0.06743931770324707
28 True
===Fri Apr 26 06:31:38 2019=== 0.7398946285247803
20 True
===Fri Apr 26 06:31:39 2019=== 0.5914809703826904
21 True
===Fri Apr 26 06:31:39 2019=== 0.4090123176574707
03 True
===Fri Apr 26 06:31:39 2019=== 0.3357095718383789
01|02 True
===Fri Apr 26 06:31:39 2019=== 0.2983736991882324
31|27 True
===Fri Apr 26 06:31:39 2019=== 0.44598937034606934
05|22 True
===Fri Apr 26 06:31:39 2019=== 0.507277250289917
26|29 True
===Fri Apr 26 06:31:39 2019=== 0.5221972465515137
39|23|16|17 True
===Fri Apr 26 06:31:39 2019=== 0.43227434158325195
25|24 True
===Fri Apr 26 06:31:39 2019=== 0.6205596923828125
04|18|14 True
===Fri Apr 26 06:31:39 2019=== 0.562974214553833
06|08|09 True
===Fri Apr 26 06:31:39 2019=== 0.24791908264160156
10|11|15 True
===Fri Apr 26 06:31:39 2019=== 0.42833805084228516
12 True
===Fri Apr 26 06:31:43 2019=== 0.09640049934387207
00 False
===Fri Apr 26 06:31:43 2019=== 0.0671839714050293
28 True
===Fri Apr 26 06:31:43 2019=== 0.5426583290100098
20 True
===Fri Apr 26 06:31:44 2019=== 0.44699716567993164
21 True
===Fri Apr 26 06:31:44 2019=== 0.34636902809143066
03 True
===Fri Apr 26 06:31:44 2019=== 0.2772793769836426
01|02 True
===Fri Apr 26 06:31:44 2019=== 0.23119139671325684
31|27 True
===Fri Apr 26 06:31:44 2019=== 0.3363351821899414
05|22 True
===Fri Apr 26 06:31:44 2019=== 0.3824119567871094
26|29 True
===Fri Apr 26 06:31:44 2019=== 0.34764623641967773
39|23|16|17 True
===Fri Apr 26 06:31:44 2019=== 0.2944202423095703
25|24 True
===Fri Apr 26 06:31:44 2019=== 0.5089349746704102
06|08|09 True
===Fri Apr 26 06:31:44 2019=== 0.16893506050109863
04|18|14 True
===Fri Apr 26 06:31:44 2019=== 0.43059372901916504
10|11|15 True
===Fri Apr 26 06:31:44 2019=== 0.2815277576446533
12 True
===Fri Apr 26 06:31:48 2019=== 0.10728597640991211
00 False
===Fri Apr 26 06:31:48 2019=== 0.060822486877441406
28 True
===Fri Apr 26 06:31:48 2019=== 0.8472514152526855
20 True
===Fri Apr 26 06:31:49 2019=== 0.695112943649292
21 True
===Fri Apr 26 06:31:49 2019=== 0.6027355194091797
03 True
===Fri Apr 26 06:31:49 2019=== 0.5354766845703125
01|02 True
===Fri Apr 26 06:31:49 2019=== 0.4954707622528076
31|27 True
===Fri Apr 26 06:31:49 2019=== 0.5750641822814941
26|29 True
===Fri Apr 26 06:31:49 2019=== 0.6293764114379883
05|22 True
===Fri Apr 26 06:31:49 2019=== 0.627997636795044
39|23|16|17 True
===Fri Apr 26 06:31:49 2019=== 0.5689661502838135
25|24 True
===Fri Apr 26 06:31:49 2019=== 0.7090487480163574
04|18|14 True
===Fri Apr 26 06:31:49 2019=== 0.6864173412322998
06|08|09 True
===Fri Apr 26 06:31:49 2019=== 0.41152286529541016
10|11|15 True
===Fri Apr 26 06:31:49 2019=== 0.48543381690979004
12 True
===Fri Apr 26 06:31:53 2019=== 0.10449814796447754
00 False
===Fri Apr 26 06:31:53 2019=== 0.08040928840637207
28 True
===Fri Apr 26 06:31:53 2019=== 0.39110589027404785
20 True
===Fri Apr 26 06:31:54 2019=== 0.3660454750061035
21 True
===Fri Apr 26 06:31:54 2019=== 0.21408367156982422
03 True
===Fri Apr 26 06:31:54 2019=== 0.1815953254699707
01|02 True
===Fri Apr 26 06:31:54 2019=== 0.1982896327972412
31|27 True
===Fri Apr 26 06:31:54 2019=== 0.34159350395202637
05|22 True
===Fri Apr 26 06:31:54 2019=== 0.37055420875549316
26|29 True
===Fri Apr 26 06:31:54 2019=== 0.33890604972839355
39|23|16|17 True
===Fri Apr 26 06:31:54 2019=== 0.29184436798095703
25|24 True
===Fri Apr 26 06:31:54 2019=== 0.450730562210083
04|18|14 True
===Fri Apr 26 06:31:54 2019=== 0.40831446647644043
06|08|09 True
===Fri Apr 26 06:31:54 2019=== 0.16560006141662598
10|11|15 True
===Fri Apr 26 06:31:54 2019=== 0.2578544616699219
12 True
===Fri Apr 26 06:31:58 2019=== 0.1733534336090088
00 False
===Fri Apr 26 06:31:58 2019=== 0.07318544387817383
28 True
===Fri Apr 26 06:31:58 2019=== 0.48180365562438965
20 True
===Fri Apr 26 06:31:59 2019=== 0.31038713455200195
21 True
===Fri Apr 26 06:31:59 2019=== 0.22657489776611328
03 True
===Fri Apr 26 06:31:59 2019=== 0.15346574783325195
01|02 True
===Fri Apr 26 06:31:59 2019=== 0.1444234848022461
31|27 True
===Fri Apr 26 06:31:59 2019=== 0.3327341079711914
05|22 True
===Fri Apr 26 06:31:59 2019=== 0.3535914421081543
26|29 True
===Fri Apr 26 06:31:59 2019=== 0.34609341621398926
39|23|16|17 True
===Fri Apr 26 06:31:59 2019=== 0.2915072441101074
04|18|14 True
===Fri Apr 26 06:31:59 2019=== 0.5368115901947021
25|24 True
===Fri Apr 26 06:31:59 2019=== 0.768120527267456
06|08|09 True
===Fri Apr 26 06:31:59 2019=== 0.16910362243652344
10|11|15 True
===Fri Apr 26 06:31:59 2019=== 0.2452695369720459
12 True
===Fri Apr 26 06:32:03 2019=== 0.10092687606811523
00 False
===Fri Apr 26 06:32:03 2019=== 0.062270164489746094
28 True
===Fri Apr 26 06:32:03 2019=== 0.37427639961242676
20 True
===Fri Apr 26 06:32:04 2019=== 0.28273439407348633
21 True
===Fri Apr 26 06:32:04 2019=== 0.1653451919555664
03 True
===Fri Apr 26 06:32:04 2019=== 0.150954008102417
01|02 True
===Fri Apr 26 06:32:04 2019=== 0.13883543014526367
31|27 True
===Fri Apr 26 06:32:04 2019=== 0.5516374111175537
39|23|16|17 True
===Fri Apr 26 06:32:04 2019=== 0.5306510925292969
26|29 True
===Fri Apr 26 06:32:04 2019=== 0.7679083347320557
05|22 True
===Fri Apr 26 06:32:04 2019=== 0.5743865966796875
04|18|14 True
===Fri Apr 26 06:32:04 2019=== 0.8548851013183594
06|08|09 True
===Fri Apr 26 06:32:04 2019=== 0.31235384941101074
25|24 True
===Fri Apr 26 06:32:04 2019=== 0.8599510192871094
10|11|15 True
===Fri Apr 26 06:32:04 2019=== 0.4835171699523926
12 True
===Fri Apr 26 06:32:08 2019=== 0.1284925937652588
00 False
===Fri Apr 26 06:32:08 2019=== 0.07457685470581055
28 True
===Fri Apr 26 06:32:08 2019=== 0.4537785053253174
20 True
===Fri Apr 26 06:32:09 2019=== 0.4593672752380371
21 True
===Fri Apr 26 06:32:09 2019=== 0.3097076416015625
03 True
===Fri Apr 26 06:32:09 2019=== 0.2428886890411377
01|02 True
===Fri Apr 26 06:32:09 2019=== 0.29364490509033203
31|27 True
===Fri Apr 26 06:32:09 2019=== 0.4427976608276367
26|29 True
===Fri Apr 26 06:32:09 2019=== 0.4455680847167969
39|23|16|17 True
===Fri Apr 26 06:32:09 2019=== 0.4140622615814209
05|22 True
===Fri Apr 26 06:32:09 2019=== 0.4790303707122803
06|08|09 True
===Fri Apr 26 06:32:09 2019=== 0.24671173095703125
25|24 True
===Fri Apr 26 06:32:09 2019=== 0.678480863571167
04|18|14 True
===Fri Apr 26 06:32:09 2019=== 0.5926403999328613
10|11|15 True
===Fri Apr 26 06:32:09 2019=== 0.3593020439147949
test1
Files in '/': ['srv', 'boot', 'usr', 'home', 'sbin', 'lib', 'etc', 'media', 'opt', 'dev', 'sys', 'run', 'lib64', 'mnt', 'proc', 'bin', 'root', 'tmp', 'var', '.dockerenv', 'python']
0  code( 9 )= None
1  code( 10 )= None
2  code( 12 )= None
3  code( 14 )= None
4  code( 16 )= None
5  code( 19 )= None
6  code( 20 )= None
7  code( 22 )= None
8  code( 25 )= None
9  code( 27 )= None
10  code( 28 )= None
11  code( 30 )= None
12  code( 33 )= None
13  code( 35 )= None
14  code( 37 )= None
15
0  code( 9 )= None
1  code( 10 )= None
2  code( 12 )= None
3  code( 14 )= None
4  code( 16 )= None
5  code( 19 )= None
6  code( 20 )= None
7  code( 22 )= None
8  code( 25 )= None
9  code( 27 )= None
10  code( 28 )= None
11  code( 30 )= None
12  code( 33 )= None
13  code( 35 )= None
14  code( 37 )= None
15
0  code( 9 )= None
1  code( 10 )= None
2  code( 12 )= None
3  code( 14 )= None
4  code( 16 )= None
5  code( 19 )= None
6  code( 20 )= None
7  code( 22 )= None
8  code( 25 )= None
9  code( 27 )= None
10  code( 28 )= None
11  code( 30 )= None
12  code( 33 )= None
13  code( 35 )= None
14  code( 37 )= None
15
0  code( 9 )= None
1  code( 10 )= None
2  code( 12 )= None
3  code( 14 )= None
4  code( 16 )= None
5  code( 19 )= None
6  code( 20 )= None
7  code( 22 )= None
8  code( 25 )= None
9  code( 27 )= None
10  code( 28 )= None
11  code( 30 )= None
12  code( 33 )= None
13  code( 35 )= None
14  code( 37 )= None
15
0  code( 9 )= None
1  code( 10 )= None
2  code( 12 )= None
3  code( 14 )= None
4  code( 16 )= None
5  code( 19 )= None
6  code( 20 )= None
7  code( 22 )= None
8  code( 25 )= None
9  code( 27 )= None
10  code( 28 )= None
11  code( 30 )= None
12  code( 33 )= None
13  code( 35 )= None
14  code( 37 )= None
15
0  code( 9 )= None
1  code( 10 )= None
2  code( 12 )= None
3  code( 14 )= None
4  code( 16 )= None
5  code( 19 )= None
6  code( 20 )= None
7  code( 22 )= None
8  code( 25 )= None
9  code( 27 )= None
10  code( 28 )= None
11  code( 30 )= None
12  code( 33 )= None
13  code( 35 )= None
14  code( 37 )= None
15
0  code( 9 )= None
1  code( 10 )= None
2  code( 12 )= None
3  code( 14 )= None
4  code( 16 )= None
5  code( 19 )= None
6  code( 20 )= None
7  code( 22 )= None
8  code( 25 )= None
9  code( 27 )= None
10  code( 28 )= None
11  code( 30 )= None
12  code( 33 )= None
13  code( 35 )= None
14  code( 37 )= None
15
0  code( 9 )= None
1  code( 10 )= None
2  code( 12 )= None
3  code( 14 )= None
4  code( 16 )= None
5  code( 19 )= None
6  code( 20 )= None
7  code( 22 )= None
8  code( 25 )= None
9  code( 27 )= None
10  code( 28 )= None
11  code( 30 )= None
12  code( 33 )= None
13  code( 35 )= None
14  code( 37 )= None
15
0  code( 9 )= None
1  code( 10 )= None
2  code( 12 )= None
3  code( 14 )= None
4  code( 16 )= None
5  code( 19 )= None
6  code( 20 )= None
7  code( 22 )= None
8  code( 25 )= None
9  code( 27 )= None
10  code( 28 )= None
11  code( 30 )= None
12  code( 33 )= None
13  code( 35 )= None
14  code( 37 )= None
15
0  code( 9 )= None
1  code( 10 )= None
2  code( 12 )= None
3  code( 14 )= None
4  code( 16 )= None
5  code( 19 )= None
6  code( 20 )= None
7  code( 22 )= None
8  code( 25 )= None
9  code( 27 )= None
10  code( 28 )= None
11  code( 30 )= None
12  code( 33 )= None
13  code( 35 )= None
14  code( 37 )= None
15
0  code( 9 )= None
1  code( 10 )= None
2  code( 12 )= None
3  code( 14 )= None
4  code( 16 )= None
5  code( 19 )= None
6  code( 20 )= None
7  code( 22 )= None
8  code( 25 )= None
9  code( 27 )= None
10  code( 28 )= None
11  code( 30 )= None
12  code( 33 )= None
13  code( 35 )= None
14  code( 37 )= None
15
0  code( 9 )= None
1  code( 10 )= None
2  code( 12 )= None
3  code( 14 )= None
4  code( 16 )= None
5  code( 19 )= None
6  code( 20 )= None
7  code( 22 )= None
8  code( 25 )= None
9  code( 27 )= None
10  code( 28 )= None
11  code( 30 )= None
12  code( 33 )= None
13  code( 35 )= None
14  code( 37 )= None
15
0  code( 9 )= None
1  code( 10 )= None
2  code( 12 )= None
3  code( 14 )= None
4  code( 16 )= None
5  code( 19 )= None
6  code( 20 )= None
7  code( 22 )= None
8  code( 25 )= None
9  code( 27 )= None
10  code( 28 )= None
11  code( 30 )= None
12  code( 33 )= None
13  code( 35 )= None
14  code( 37 )= None
15
0  code( 9 )= None
1  code( 10 )= None
2  code( 12 )= None
3  code( 14 )= None
4  code( 16 )= None
5  code( 19 )= None
6  code( 20 )= None
7  code( 22 )= None
8  code( 25 )= None
9  code( 27 )= None
10  code( 28 )= None
11  code( 30 )= None
12  code( 33 )= None
13  code( 35 )= None
14  code( 37 )= None
0
4758d578e99b7c4392f046d2b85e4afe5e15de24d7844dd84e3a2e575a2dff9a
f49b6fe39e54aca9bd7ab43dd3ee7938aef67c7a8e1726f9e95e681041698e9e
12a4288f3c1fa0a0c9780af79e124818de0e59602412a78a428b660e5b5623c9
860d489c3be97320feb2aa50eecab3c4679112f54335aebeb9f7d63439dc1480
cb6a88a7f1fdc89e0a1c329baaa0002ac90b13acff4359337b3679c923bd27da
a61bb6eebc044daaba6cf0b2ccad61e18d0632991adb8efb70e14a2317c8a4c6
